<?xml version="1.0" encoding="UTF-8"?>
<testsuite xmlns:xsi="http://www.w3.org/2001/XMLSchema-instance" xsi:noNamespaceSchemaLocation="https://maven.apache.org/surefire/maven-surefire-plugin/xsd/surefire-test-report.xsd" version="3.0.2" name="uk.me.robcook.gcp.domain.SaturationDegreeStrategyTests" time="0.575" tests="1002" errors="0" skipped="0" failures="0">
  <properties>
[...]
</properties>
  <testcase name="shouldReturnMaximumSaturatedUncolouredVertexWhenVerticesPartiallyColoured" classname="uk.me.robcook.gcp.domain.SaturationDegreeStrategyTests" time="0.012"/>
  <testcase name="shouldReturnRandomUncolouredVertexWhenGraphUncoloured()[1]" classname="uk.me.robcook.gcp.domain.SaturationDegreeStrategyTests" time="0.002"/>
  <testcase name="shouldReturnRandomUncolouredVertexWhenGraphUncoloured()[2]" classname="uk.me.robcook.gcp.domain.SaturationDegreeStrategyTests" time="0.001"/>
  <testcase name="shouldReturnRandomUncolouredVertexWhenGraphUncoloured()[3]" classname="uk.me.robcook.gcp.domain.SaturationDegreeStrategyTests" time="0.001"/>
  <testcase name="shouldReturnRandomUncolouredVertexWhenGraphUncoloured()[4]" classname="uk.me.robcook.gcp.domain.SaturationDegreeStrategyTests" time="0.001"/>
  <testcase name="shouldReturnRandomUncolouredVertexWhenGraphUncoloured()[5]" classname="uk.me.robcook.gcp.domain.SaturationDegreeStrategyTests" time="0.001"/>
  <testcase name="shouldReturnRandomUncolouredVertexWhenGraphUncoloured()[6]" classname="uk.me.robcook.gcp.domain.SaturationDegreeStrategyTests" time="0.001"/>
  <testcase name="shouldReturnRandomUncolouredVertexWhenGraphUncoloured()[7]" classname="uk.me.robcook.gcp.domain.SaturationDegreeStrategyTests" time="0.001"/>
  <testcase name="shouldReturnRandomUncolouredVertexWhenGraphUncoloured()[8]" classname="uk.me.robcook.gcp.domain.SaturationDegreeStrategyTests" time="0.001"/>
  <testcase name="shouldReturnRandomUncolouredVertexWhenGraphUncoloured()[9]" classname="uk.me.robcook.gcp.domain.SaturationDegreeStrategyTests" time="0.001"/>
  <testcase name="shouldReturnRandomUncolouredVertexWhenGraphUncoloured()[10]" classname="uk.me.robcook.gcp.domain.SaturationDegreeStrategyTests" time="0.001"/>
  <testcase name="shouldReturnRandomUncolouredVertexWhenGraphUncoloured()[11]" classname="uk.me.robcook.gcp.domain.SaturationDegreeStrategyTests" time="0.0"/>
  <testcase name="shouldReturnRandomUncolouredVertexWhenGraphUncoloured()[12]" classname="uk.me.robcook.gcp.domain.SaturationDegreeStrategyTests" time="0.001"/>
  <testcase name="shouldReturnRandomUncolouredVertexWhenGraphUncoloured()[13]" classname="uk.me.robcook.gcp.domain.SaturationDegreeStrategyTests" time="0.002"/>
  <testcase name="shouldReturnRandomUncolouredVertexWhenGraphUncoloured()[14]" classname="uk.me.robcook.gcp.domain.SaturationDegreeStrategyTests" time="0.001"/>
  <testcase name="shouldReturnRandomUncolouredVertexWhenGraphUncoloured()[15]" classname="uk.me.robcook.gcp.domain.SaturationDegreeStrategyTests" time="0.0"/>
  <testcase name="shouldReturnRandomUncolouredVertexWhenGraphUncoloured()[16]" classname="uk.me.robcook.gcp.domain.SaturationDegreeStrategyTests" time="0.001"/>
  <testcase name="shouldReturnRandomUncolouredVertexWhenGraphUncoloured()[17]" classname="uk.me.robcook.gcp.domain.SaturationDegreeStrategyTests" time="0.001"/>
  <testcase name="shouldReturnRandomUncolouredVertexWhenGraphUncoloured()[18]" classname="uk.me.robcook.gcp.domain.SaturationDegreeStrategyTests" time="0.0"/>
  <testcase name="shouldReturnRandomUncolouredVertexWhenGraphUncoloured()[19]" classname="uk.me.robcook.gcp.domain.SaturationDegreeStrategyTests" time="0.0"/>
  <testcase name="shouldReturnRandomUncolouredVertexWhenGraphUncoloured()[20]" classname="uk.me.robcook.gcp.domain.SaturationDegreeStrategyTests" time="0.0"/>
  <testcase name="shouldReturnRandomUncolouredVertexWhenGraphUncoloured()[21]" classname="uk.me.robcook.gcp.domain.SaturationDegreeStrategyTests" time="0.001"/>
  <testcase name="shouldReturnRandomUncolouredVertexWhenGraphUncoloured()[22]" classname="uk.me.robcook.gcp.domain.SaturationDegreeStrategyTests" time="0.001"/>
  <testcase name="shouldReturnRandomUncolouredVertexWhenGraphUncoloured()[23]" classname="uk.me.robcook.gcp.domain.SaturationDegreeStrategyTests" time="0.0"/>
  <testcase name="shouldReturnRandomUncolouredVertexWhenGraphUncoloured()[24]" classname="uk.me.robcook.gcp.domain.SaturationDegreeStrategyTests" time="0.0"/>
  <testcase name="shouldReturnRandomUncolouredVertexWhenGraphUncoloured()[25]" classname="uk.me.robcook.gcp.domain.SaturationDegreeStrategyTests" time="0.001"/>
  <testcase name="shouldReturnRandomUncolouredVertexWhenGraphUncoloured()[26]" classname="uk.me.robcook.gcp.domain.SaturationDegreeStrategyTests" time="0.001"/>
  <testcase name="shouldReturnRandomUncolouredVertexWhenGraphUncoloured()[27]" classname="uk.me.robcook.gcp.domain.SaturationDegreeStrategyTests" time="0.001"/>
  <testcase name="shouldReturnRandomUncolouredVertexWhenGraphUncoloured()[28]" classname="uk.me.robcook.gcp.domain.SaturationDegreeStrategyTests" time="0.001"/>
  <testcase name="shouldReturnRandomUncolouredVertexWhenGraphUncoloured()[29]" classname="uk.me.robcook.gcp.domain.SaturationDegreeStrategyTests" time="0.001"/>
  <testcase name="shouldReturnRandomUncolouredVertexWhenGraphUncoloured()[30]" classname="uk.me.robcook.gcp.domain.SaturationDegreeStrategyTests" time="0.0"/>
  <testcase name="shouldReturnRandomUncolouredVertexWhenGraphUncoloured()[31]" classname="uk.me.robcook.gcp.domain.SaturationDegreeStrategyTests" time="0.0"/>
  <testcase name="shouldReturnRandomUncolouredVertexWhenGraphUncoloured()[32]" classname="uk.me.robcook.gcp.domain.SaturationDegreeStrategyTests" time="0.0"/>
  <testcase name="shouldReturnRandomUncolouredVertexWhenGraphUncoloured()[33]" classname="uk.me.robcook.gcp.domain.SaturationDegreeStrategyTests" time="0.0"/>
  <testcase name="shouldReturnRandomUncolouredVertexWhenGraphUncoloured()[34]" classname="uk.me.robcook.gcp.domain.SaturationDegreeStrategyTests" time="0.0"/>
  <testcase name="shouldReturnRandomUncolouredVertexWhenGraphUncoloured()[35]" classname="uk.me.robcook.gcp.domain.SaturationDegreeStrategyTests" time="0.0"/>
  <testcase name="shouldReturnRandomUncolouredVertexWhenGraphUncoloured()[36]" classname="uk.me.robcook.gcp.domain.SaturationDegreeStrategyTests" time="0.001"/>
  <testcase name="shouldReturnRandomUncolouredVertexWhenGraphUncoloured()[37]" classname="uk.me.robcook.gcp.domain.SaturationDegreeStrategyTests" time="0.001"/>
  <testcase name="shouldReturnRandomUncolouredVertexWhenGraphUncoloured()[38]" classname="uk.me.robcook.gcp.domain.SaturationDegreeStrategyTests" time="0.001"/>
  <testcase name="shouldReturnRandomUncolouredVertexWhenGraphUncoloured()[39]" classname="uk.me.robcook.gcp.domain.SaturationDegreeStrategyTests" time="0.001"/>
  <testcase name="shouldReturnRandomUncolouredVertexWhenGraphUncoloured()[40]" classname="uk.me.robcook.gcp.domain.SaturationDegreeStrategyTests" time="0.001"/>
  <testcase name="shouldReturnRandomUncolouredVertexWhenGraphUncoloured()[41]" classname="uk.me.robcook.gcp.domain.SaturationDegreeStrategyTests" time="0.0"/>
  <testcase name="shouldReturnRandomUncolouredVertexWhenGraphUncoloured()[42]" classname="uk.me.robcook.gcp.domain.SaturationDegreeStrategyTests" time="0.001"/>
  <testcase name="shouldReturnRandomUncolouredVertexWhenGraphUncoloured()[43]" classname="uk.me.robcook.gcp.domain.SaturationDegreeStrategyTests" time="0.001"/>
  <testcase name="shouldReturnRandomUncolouredVertexWhenGraphUncoloured()[44]" classname="uk.me.robcook.gcp.domain.SaturationDegreeStrategyTests" time="0.001"/>
  <testcase name="shouldReturnRandomUncolouredVertexWhenGraphUncoloured()[45]" classname="uk.me.robcook.gcp.domain.SaturationDegreeStrategyTests" time="0.001"/>
  <testcase name="shouldReturnRandomUncolouredVertexWhenGraphUncoloured()[46]" classname="uk.me.robcook.gcp.domain.SaturationDegreeStrategyTests" time="0.001"/>
  <testcase name="shouldReturnRandomUncolouredVertexWhenGraphUncoloured()[47]" classname="uk.me.robcook.gcp.domain.SaturationDegreeStrategyTests" time="0.0"/>
  <testcase name="shouldReturnRandomUncolouredVertexWhenGraphUncoloured()[48]" classname="uk.me.robcook.gcp.domain.SaturationDegreeStrategyTests" time="0.0"/>
  <testcase name="shouldReturnRandomUncolouredVertexWhenGraphUncoloured()[49]" classname="uk.me.robcook.gcp.domain.SaturationDegreeStrategyTests" time="0.001"/>
  <testcase name="shouldReturnRandomUncolouredVertexWhenGraphUncoloured()[50]" classname="uk.me.robcook.gcp.domain.SaturationDegreeStrategyTests" time="0.0"/>
  <testcase name="shouldReturnRandomUncolouredVertexWhenGraphUncoloured()[51]" classname="uk.me.robcook.gcp.domain.SaturationDegreeStrategyTests" time="0.0"/>
  <testcase name="shouldReturnRandomUncolouredVertexWhenGraphUncoloured()[52]" classname="uk.me.robcook.gcp.domain.SaturationDegreeStrategyTests" time="0.001"/>
  <testcase name="shouldReturnRandomUncolouredVertexWhenGraphUncoloured()[53]" classname="uk.me.robcook.gcp.domain.SaturationDegreeStrategyTests" time="0.001"/>
  <testcase name="shouldReturnRandomUncolouredVertexWhenGraphUncoloured()[54]" classname="uk.me.robcook.gcp.domain.SaturationDegreeStrategyTests" time="0.001"/>
  <testcase name="shouldReturnRandomUncolouredVertexWhenGraphUncoloured()[55]" classname="uk.me.robcook.gcp.domain.SaturationDegreeStrategyTests" time="0.001"/>
  <testcase name="shouldReturnRandomUncolouredVertexWhenGraphUncoloured()[56]" classname="uk.me.robcook.gcp.domain.SaturationDegreeStrategyTests" time="0.002"/>
  <testcase name="shouldReturnRandomUncolouredVertexWhenGraphUncoloured()[57]" classname="uk.me.robcook.gcp.domain.SaturationDegreeStrategyTests" time="0.0"/>
  <testcase name="shouldReturnRandomUncolouredVertexWhenGraphUncoloured()[58]" classname="uk.me.robcook.gcp.domain.SaturationDegreeStrategyTests" time="0.001"/>
  <testcase name="shouldReturnRandomUncolouredVertexWhenGraphUncoloured()[59]" classname="uk.me.robcook.gcp.domain.SaturationDegreeStrategyTests" time="0.001"/>
  <testcase name="shouldReturnRandomUncolouredVertexWhenGraphUncoloured()[60]" classname="uk.me.robcook.gcp.domain.SaturationDegreeStrategyTests" time="0.001"/>
  <testcase name="shouldReturnRandomUncolouredVertexWhenGraphUncoloured()[61]" classname="uk.me.robcook.gcp.domain.SaturationDegreeStrategyTests" time="0.001"/>
  <testcase name="shouldReturnRandomUncolouredVertexWhenGraphUncoloured()[62]" classname="uk.me.robcook.gcp.domain.SaturationDegreeStrategyTests" time="0.001"/>
  <testcase name="shouldReturnRandomUncolouredVertexWhenGraphUncoloured()[63]" classname="uk.me.robcook.gcp.domain.SaturationDegreeStrategyTests" time="0.001"/>
  <testcase name="shouldReturnRandomUncolouredVertexWhenGraphUncoloured()[64]" classname="uk.me.robcook.gcp.domain.SaturationDegreeStrategyTests" time="0.001"/>
  <testcase name="shouldReturnRandomUncolouredVertexWhenGraphUncoloured()[65]" classname="uk.me.robcook.gcp.domain.SaturationDegreeStrategyTests" time="0.001"/>
  <testcase name="shouldReturnRandomUncolouredVertexWhenGraphUncoloured()[66]" classname="uk.me.robcook.gcp.domain.SaturationDegreeStrategyTests" time="0.001"/>
  <testcase name="shouldReturnRandomUncolouredVertexWhenGraphUncoloured()[67]" classname="uk.me.robcook.gcp.domain.SaturationDegreeStrategyTests" time="0.001"/>
  <testcase name="shouldReturnRandomUncolouredVertexWhenGraphUncoloured()[68]" classname="uk.me.robcook.gcp.domain.SaturationDegreeStrategyTests" time="0.0"/>
  <testcase name="shouldReturnRandomUncolouredVertexWhenGraphUncoloured()[69]" classname="uk.me.robcook.gcp.domain.SaturationDegreeStrategyTests" time="0.0"/>
  <testcase name="shouldReturnRandomUncolouredVertexWhenGraphUncoloured()[70]" classname="uk.me.robcook.gcp.domain.SaturationDegreeStrategyTests" time="0.0"/>
  <testcase name="shouldReturnRandomUncolouredVertexWhenGraphUncoloured()[71]" classname="uk.me.robcook.gcp.domain.SaturationDegreeStrategyTests" time="0.0"/>
  <testcase name="shouldReturnRandomUncolouredVertexWhenGraphUncoloured()[72]" classname="uk.me.robcook.gcp.domain.SaturationDegreeStrategyTests" time="0.0"/>
  <testcase name="shouldReturnRandomUncolouredVertexWhenGraphUncoloured()[73]" classname="uk.me.robcook.gcp.domain.SaturationDegreeStrategyTests" time="0.001"/>
  <testcase name="shouldReturnRandomUncolouredVertexWhenGraphUncoloured()[74]" classname="uk.me.robcook.gcp.domain.SaturationDegreeStrategyTests" time="0.0"/>
  <testcase name="shouldReturnRandomUncolouredVertexWhenGraphUncoloured()[75]" classname="uk.me.robcook.gcp.domain.SaturationDegreeStrategyTests" time="0.0"/>
  <testcase name="shouldReturnRandomUncolouredVertexWhenGraphUncoloured()[76]" classname="uk.me.robcook.gcp.domain.SaturationDegreeStrategyTests" time="0.001"/>
  <testcase name="shouldReturnRandomUncolouredVertexWhenGraphUncoloured()[77]" classname="uk.me.robcook.gcp.domain.SaturationDegreeStrategyTests" time="0.001"/>
  <testcase name="shouldReturnRandomUncolouredVertexWhenGraphUncoloured()[78]" classname="uk.me.robcook.gcp.domain.SaturationDegreeStrategyTests" time="0.0"/>
  <testcase name="shouldReturnRandomUncolouredVertexWhenGraphUncoloured()[79]" classname="uk.me.robcook.gcp.domain.SaturationDegreeStrategyTests" time="0.0"/>
  <testcase name="shouldReturnRandomUncolouredVertexWhenGraphUncoloured()[80]" classname="uk.me.robcook.gcp.domain.SaturationDegreeStrategyTests" time="0.001"/>
  <testcase name="shouldReturnRandomUncolouredVertexWhenGraphUncoloured()[81]" classname="uk.me.robcook.gcp.domain.SaturationDegreeStrategyTests" time="0.001"/>
  <testcase name="shouldReturnRandomUncolouredVertexWhenGraphUncoloured()[82]" classname="uk.me.robcook.gcp.domain.SaturationDegreeStrategyTests" time="0.0"/>
  <testcase name="shouldReturnRandomUncolouredVertexWhenGraphUncoloured()[83]" classname="uk.me.robcook.gcp.domain.SaturationDegreeStrategyTests" time="0.001"/>
  <testcase name="shouldReturnRandomUncolouredVertexWhenGraphUncoloured()[84]" classname="uk.me.robcook.gcp.domain.SaturationDegreeStrategyTests" time="0.001"/>
  <testcase name="shouldReturnRandomUncolouredVertexWhenGraphUncoloured()[85]" classname="uk.me.robcook.gcp.domain.SaturationDegreeStrategyTests" time="0.0"/>
  <testcase name="shouldReturnRandomUncolouredVertexWhenGraphUncoloured()[86]" classname="uk.me.robcook.gcp.domain.SaturationDegreeStrategyTests" time="0.0"/>
  <testcase name="shouldReturnRandomUncolouredVertexWhenGraphUncoloured()[87]" classname="uk.me.robcook.gcp.domain.SaturationDegreeStrategyTests" time="0.001"/>
  <testcase name="shouldReturnRandomUncolouredVertexWhenGraphUncoloured()[88]" classname="uk.me.robcook.gcp.domain.SaturationDegreeStrategyTests" time="0.001"/>
  <testcase name="shouldReturnRandomUncolouredVertexWhenGraphUncoloured()[89]" classname="uk.me.robcook.gcp.domain.SaturationDegreeStrategyTests" time="0.001"/>
  <testcase name="shouldReturnRandomUncolouredVertexWhenGraphUncoloured()[90]" classname="uk.me.robcook.gcp.domain.SaturationDegreeStrategyTests" time="0.0"/>
  <testcase name="shouldReturnRandomUncolouredVertexWhenGraphUncoloured()[91]" classname="uk.me.robcook.gcp.domain.SaturationDegreeStrategyTests" time="0.001"/>
  <testcase name="shouldReturnRandomUncolouredVertexWhenGraphUncoloured()[92]" classname="uk.me.robcook.gcp.domain.SaturationDegreeStrategyTests" time="0.001"/>
  <testcase name="shouldReturnRandomUncolouredVertexWhenGraphUncoloured()[93]" classname="uk.me.robcook.gcp.domain.SaturationDegreeStrategyTests" time="0.0"/>
  <testcase name="shouldReturnRandomUncolouredVertexWhenGraphUncoloured()[94]" classname="uk.me.robcook.gcp.domain.SaturationDegreeStrategyTests" time="0.001"/>
  <testcase name="shouldReturnRandomUncolouredVertexWhenGraphUncoloured()[95]" classname="uk.me.robcook.gcp.domain.SaturationDegreeStrategyTests" time="0.001"/>
  <testcase name="shouldReturnRandomUncolouredVertexWhenGraphUncoloured()[96]" classname="uk.me.robcook.gcp.domain.SaturationDegreeStrategyTests" time="0.0"/>
  <testcase name="shouldReturnRandomUncolouredVertexWhenGraphUncoloured()[97]" classname="uk.me.robcook.gcp.domain.SaturationDegreeStrategyTests" time="0.0"/>
  <testcase name="shouldReturnRandomUncolouredVertexWhenGraphUncoloured()[98]" classname="uk.me.robcook.gcp.domain.SaturationDegreeStrategyTests" time="0.0"/>
  <testcase name="shouldReturnRandomUncolouredVertexWhenGraphUncoloured()[99]" classname="uk.me.robcook.gcp.domain.SaturationDegreeStrategyTests" time="0.0"/>
  <testcase name="shouldReturnRandomUncolouredVertexWhenGraphUncoloured()[100]" classname="uk.me.robcook.gcp.domain.SaturationDegreeStrategyTests" time="0.0"/>
  <testcase name="shouldReturnRandomUncolouredVertexWhenGraphUncoloured()[101]" classname="uk.me.robcook.gcp.domain.SaturationDegreeStrategyTests" time="0.001"/>
  <testcase name="shouldReturnRandomUncolouredVertexWhenGraphUncoloured()[102]" classname="uk.me.robcook.gcp.domain.SaturationDegreeStrategyTests" time="0.0"/>
  <testcase name="shouldReturnRandomUncolouredVertexWhenGraphUncoloured()[103]" classname="uk.me.robcook.gcp.domain.SaturationDegreeStrategyTests" time="0.0"/>
  <testcase name="shouldReturnRandomUncolouredVertexWhenGraphUncoloured()[104]" classname="uk.me.robcook.gcp.domain.SaturationDegreeStrategyTests" time="0.0"/>
  <testcase name="shouldReturnRandomUncolouredVertexWhenGraphUncoloured()[105]" classname="uk.me.robcook.gcp.domain.SaturationDegreeStrategyTests" time="0.0"/>
  <testcase name="shouldReturnRandomUncolouredVertexWhenGraphUncoloured()[106]" classname="uk.me.robcook.gcp.domain.SaturationDegreeStrategyTests" time="0.0"/>
  <testcase name="shouldReturnRandomUncolouredVertexWhenGraphUncoloured()[107]" classname="uk.me.robcook.gcp.domain.SaturationDegreeStrategyTests" time="0.001"/>
  <testcase name="shouldReturnRandomUncolouredVertexWhenGraphUncoloured()[108]" classname="uk.me.robcook.gcp.domain.SaturationDegreeStrategyTests" time="0.0"/>
  <testcase name="shouldReturnRandomUncolouredVertexWhenGraphUncoloured()[109]" classname="uk.me.robcook.gcp.domain.SaturationDegreeStrategyTests" time="0.0"/>
  <testcase name="shouldReturnRandomUncolouredVertexWhenGraphUncoloured()[110]" classname="uk.me.robcook.gcp.domain.SaturationDegreeStrategyTests" time="0.0"/>
  <testcase name="shouldReturnRandomUncolouredVertexWhenGraphUncoloured()[111]" classname="uk.me.robcook.gcp.domain.SaturationDegreeStrategyTests" time="0.0"/>
  <testcase name="shouldReturnRandomUncolouredVertexWhenGraphUncoloured()[112]" classname="uk.me.robcook.gcp.domain.SaturationDegreeStrategyTests" time="0.0"/>
  <testcase name="shouldReturnRandomUncolouredVertexWhenGraphUncoloured()[113]" classname="uk.me.robcook.gcp.domain.SaturationDegreeStrategyTests" time="0.0"/>
  <testcase name="shouldReturnRandomUncolouredVertexWhenGraphUncoloured()[114]" classname="uk.me.robcook.gcp.domain.SaturationDegreeStrategyTests" time="0.001"/>
  <testcase name="shouldReturnRandomUncolouredVertexWhenGraphUncoloured()[115]" classname="uk.me.robcook.gcp.domain.SaturationDegreeStrategyTests" time="0.0"/>
  <testcase name="shouldReturnRandomUncolouredVertexWhenGraphUncoloured()[116]" classname="uk.me.robcook.gcp.domain.SaturationDegreeStrategyTests" time="0.001"/>
  <testcase name="shouldReturnRandomUncolouredVertexWhenGraphUncoloured()[117]" classname="uk.me.robcook.gcp.domain.SaturationDegreeStrategyTests" time="0.001"/>
  <testcase name="shouldReturnRandomUncolouredVertexWhenGraphUncoloured()[118]" classname="uk.me.robcook.gcp.domain.SaturationDegreeStrategyTests" time="0.001"/>
  <testcase name="shouldReturnRandomUncolouredVertexWhenGraphUncoloured()[119]" classname="uk.me.robcook.gcp.domain.SaturationDegreeStrategyTests" time="0.001"/>
  <testcase name="shouldReturnRandomUncolouredVertexWhenGraphUncoloured()[120]" classname="uk.me.robcook.gcp.domain.SaturationDegreeStrategyTests" time="0.0"/>
  <testcase name="shouldReturnRandomUncolouredVertexWhenGraphUncoloured()[121]" classname="uk.me.robcook.gcp.domain.SaturationDegreeStrategyTests" time="0.001"/>
  <testcase name="shouldReturnRandomUncolouredVertexWhenGraphUncoloured()[122]" classname="uk.me.robcook.gcp.domain.SaturationDegreeStrategyTests" time="0.0"/>
  <testcase name="shouldReturnRandomUncolouredVertexWhenGraphUncoloured()[123]" classname="uk.me.robcook.gcp.domain.SaturationDegreeStrategyTests" time="0.0"/>
  <testcase name="shouldReturnRandomUncolouredVertexWhenGraphUncoloured()[124]" classname="uk.me.robcook.gcp.domain.SaturationDegreeStrategyTests" time="0.001"/>
  <testcase name="shouldReturnRandomUncolouredVertexWhenGraphUncoloured()[125]" classname="uk.me.robcook.gcp.domain.SaturationDegreeStrategyTests" time="0.0"/>
  <testcase name="shouldReturnRandomUncolouredVertexWhenGraphUncoloured()[126]" classname="uk.me.robcook.gcp.domain.SaturationDegreeStrategyTests" time="0.0"/>
  <testcase name="shouldReturnRandomUncolouredVertexWhenGraphUncoloured()[127]" classname="uk.me.robcook.gcp.domain.SaturationDegreeStrategyTests" time="0.001"/>
  <testcase name="shouldReturnRandomUncolouredVertexWhenGraphUncoloured()[128]" classname="uk.me.robcook.gcp.domain.SaturationDegreeStrategyTests" time="0.001"/>
  <testcase name="shouldReturnRandomUncolouredVertexWhenGraphUncoloured()[129]" classname="uk.me.robcook.gcp.domain.SaturationDegreeStrategyTests" time="0.0"/>
  <testcase name="shouldReturnRandomUncolouredVertexWhenGraphUncoloured()[130]" classname="uk.me.robcook.gcp.domain.SaturationDegreeStrategyTests" time="0.001"/>
  <testcase name="shouldReturnRandomUncolouredVertexWhenGraphUncoloured()[131]" classname="uk.me.robcook.gcp.domain.SaturationDegreeStrategyTests" time="0.0"/>
  <testcase name="shouldReturnRandomUncolouredVertexWhenGraphUncoloured()[132]" classname="uk.me.robcook.gcp.domain.SaturationDegreeStrategyTests" time="0.0"/>
  <testcase name="shouldReturnRandomUncolouredVertexWhenGraphUncoloured()[133]" classname="uk.me.robcook.gcp.domain.SaturationDegreeStrategyTests" time="0.0"/>
  <testcase name="shouldReturnRandomUncolouredVertexWhenGraphUncoloured()[134]" classname="uk.me.robcook.gcp.domain.SaturationDegreeStrategyTests" time="0.0"/>
  <testcase name="shouldReturnRandomUncolouredVertexWhenGraphUncoloured()[135]" classname="uk.me.robcook.gcp.domain.SaturationDegreeStrategyTests" time="0.0"/>
  <testcase name="shouldReturnRandomUncolouredVertexWhenGraphUncoloured()[136]" classname="uk.me.robcook.gcp.domain.SaturationDegreeStrategyTests" time="0.0"/>
  <testcase name="shouldReturnRandomUncolouredVertexWhenGraphUncoloured()[137]" classname="uk.me.robcook.gcp.domain.SaturationDegreeStrategyTests" time="0.0"/>
  <testcase name="shouldReturnRandomUncolouredVertexWhenGraphUncoloured()[138]" classname="uk.me.robcook.gcp.domain.SaturationDegreeStrategyTests" time="0.0"/>
  <testcase name="shouldReturnRandomUncolouredVertexWhenGraphUncoloured()[139]" classname="uk.me.robcook.gcp.domain.SaturationDegreeStrategyTests" time="0.0"/>
  <testcase name="shouldReturnRandomUncolouredVertexWhenGraphUncoloured()[140]" classname="uk.me.robcook.gcp.domain.SaturationDegreeStrategyTests" time="0.001"/>
  <testcase name="shouldReturnRandomUncolouredVertexWhenGraphUncoloured()[141]" classname="uk.me.robcook.gcp.domain.SaturationDegreeStrategyTests" time="0.001"/>
  <testcase name="shouldReturnRandomUncolouredVertexWhenGraphUncoloured()[142]" classname="uk.me.robcook.gcp.domain.SaturationDegreeStrategyTests" time="0.001"/>
  <testcase name="shouldReturnRandomUncolouredVertexWhenGraphUncoloured()[143]" classname="uk.me.robcook.gcp.domain.SaturationDegreeStrategyTests" time="0.001"/>
  <testcase name="shouldReturnRandomUncolouredVertexWhenGraphUncoloured()[144]" classname="uk.me.robcook.gcp.domain.SaturationDegreeStrategyTests" time="0.0"/>
  <testcase name="shouldReturnRandomUncolouredVertexWhenGraphUncoloured()[145]" classname="uk.me.robcook.gcp.domain.SaturationDegreeStrategyTests" time="0.0"/>
  <testcase name="shouldReturnRandomUncolouredVertexWhenGraphUncoloured()[146]" classname="uk.me.robcook.gcp.domain.SaturationDegreeStrategyTests" time="0.0"/>
  <testcase name="shouldReturnRandomUncolouredVertexWhenGraphUncoloured()[147]" classname="uk.me.robcook.gcp.domain.SaturationDegreeStrategyTests" time="0.001"/>
  <testcase name="shouldReturnRandomUncolouredVertexWhenGraphUncoloured()[148]" classname="uk.me.robcook.gcp.domain.SaturationDegreeStrategyTests" time="0.0"/>
  <testcase name="shouldReturnRandomUncolouredVertexWhenGraphUncoloured()[149]" classname="uk.me.robcook.gcp.domain.SaturationDegreeStrategyTests" time="0.001"/>
  <testcase name="shouldReturnRandomUncolouredVertexWhenGraphUncoloured()[150]" classname="uk.me.robcook.gcp.domain.SaturationDegreeStrategyTests" time="0.0"/>
  <testcase name="shouldReturnRandomUncolouredVertexWhenGraphUncoloured()[151]" classname="uk.me.robcook.gcp.domain.SaturationDegreeStrategyTests" time="0.001"/>
  <testcase name="shouldReturnRandomUncolouredVertexWhenGraphUncoloured()[152]" classname="uk.me.robcook.gcp.domain.SaturationDegreeStrategyTests" time="0.0"/>
  <testcase name="shouldReturnRandomUncolouredVertexWhenGraphUncoloured()[153]" classname="uk.me.robcook.gcp.domain.SaturationDegreeStrategyTests" time="0.001"/>
  <testcase name="shouldReturnRandomUncolouredVertexWhenGraphUncoloured()[154]" classname="uk.me.robcook.gcp.domain.SaturationDegreeStrategyTests" time="0.0"/>
  <testcase name="shouldReturnRandomUncolouredVertexWhenGraphUncoloured()[155]" classname="uk.me.robcook.gcp.domain.SaturationDegreeStrategyTests" time="0.001"/>
  <testcase name="shouldReturnRandomUncolouredVertexWhenGraphUncoloured()[156]" classname="uk.me.robcook.gcp.domain.SaturationDegreeStrategyTests" time="0.0"/>
  <testcase name="shouldReturnRandomUncolouredVertexWhenGraphUncoloured()[157]" classname="uk.me.robcook.gcp.domain.SaturationDegreeStrategyTests" time="0.001"/>
  <testcase name="shouldReturnRandomUncolouredVertexWhenGraphUncoloured()[158]" classname="uk.me.robcook.gcp.domain.SaturationDegreeStrategyTests" time="0.001"/>
  <testcase name="shouldReturnRandomUncolouredVertexWhenGraphUncoloured()[159]" classname="uk.me.robcook.gcp.domain.SaturationDegreeStrategyTests" time="0.001"/>
  <testcase name="shouldReturnRandomUncolouredVertexWhenGraphUncoloured()[160]" classname="uk.me.robcook.gcp.domain.SaturationDegreeStrategyTests" time="0.0"/>
  <testcase name="shouldReturnRandomUncolouredVertexWhenGraphUncoloured()[161]" classname="uk.me.robcook.gcp.domain.SaturationDegreeStrategyTests" time="0.0"/>
  <testcase name="shouldReturnRandomUncolouredVertexWhenGraphUncoloured()[162]" classname="uk.me.robcook.gcp.domain.SaturationDegreeStrategyTests" time="0.001"/>
  <testcase name="shouldReturnRandomUncolouredVertexWhenGraphUncoloured()[163]" classname="uk.me.robcook.gcp.domain.SaturationDegreeStrategyTests" time="0.001"/>
  <testcase name="shouldReturnRandomUncolouredVertexWhenGraphUncoloured()[164]" classname="uk.me.robcook.gcp.domain.SaturationDegreeStrategyTests" time="0.0"/>
  <testcase name="shouldReturnRandomUncolouredVertexWhenGraphUncoloured()[165]" classname="uk.me.robcook.gcp.domain.SaturationDegreeStrategyTests" time="0.001"/>
  <testcase name="shouldReturnRandomUncolouredVertexWhenGraphUncoloured()[166]" classname="uk.me.robcook.gcp.domain.SaturationDegreeStrategyTests" time="0.0"/>
  <testcase name="shouldReturnRandomUncolouredVertexWhenGraphUncoloured()[167]" classname="uk.me.robcook.gcp.domain.SaturationDegreeStrategyTests" time="0.001"/>
  <testcase name="shouldReturnRandomUncolouredVertexWhenGraphUncoloured()[168]" classname="uk.me.robcook.gcp.domain.SaturationDegreeStrategyTests" time="0.001"/>
  <testcase name="shouldReturnRandomUncolouredVertexWhenGraphUncoloured()[169]" classname="uk.me.robcook.gcp.domain.SaturationDegreeStrategyTests" time="0.0"/>
  <testcase name="shouldReturnRandomUncolouredVertexWhenGraphUncoloured()[170]" classname="uk.me.robcook.gcp.domain.SaturationDegreeStrategyTests" time="0.001"/>
  <testcase name="shouldReturnRandomUncolouredVertexWhenGraphUncoloured()[171]" classname="uk.me.robcook.gcp.domain.SaturationDegreeStrategyTests" time="0.0"/>
  <testcase name="shouldReturnRandomUncolouredVertexWhenGraphUncoloured()[172]" classname="uk.me.robcook.gcp.domain.SaturationDegreeStrategyTests" time="0.0"/>
  <testcase name="shouldReturnRandomUncolouredVertexWhenGraphUncoloured()[173]" classname="uk.me.robcook.gcp.domain.SaturationDegreeStrategyTests" time="0.0"/>
  <testcase name="shouldReturnRandomUncolouredVertexWhenGraphUncoloured()[174]" classname="uk.me.robcook.gcp.domain.SaturationDegreeStrategyTests" time="0.001"/>
  <testcase name="shouldReturnRandomUncolouredVertexWhenGraphUncoloured()[175]" classname="uk.me.robcook.gcp.domain.SaturationDegreeStrategyTests" time="0.001"/>
  <testcase name="shouldReturnRandomUncolouredVertexWhenGraphUncoloured()[176]" classname="uk.me.robcook.gcp.domain.SaturationDegreeStrategyTests" time="0.0"/>
  <testcase name="shouldReturnRandomUncolouredVertexWhenGraphUncoloured()[177]" classname="uk.me.robcook.gcp.domain.SaturationDegreeStrategyTests" time="0.0"/>
  <testcase name="shouldReturnRandomUncolouredVertexWhenGraphUncoloured()[178]" classname="uk.me.robcook.gcp.domain.SaturationDegreeStrategyTests" time="0.001"/>
  <testcase name="shouldReturnRandomUncolouredVertexWhenGraphUncoloured()[179]" classname="uk.me.robcook.gcp.domain.SaturationDegreeStrategyTests" time="0.001"/>
  <testcase name="shouldReturnRandomUncolouredVertexWhenGraphUncoloured()[180]" classname="uk.me.robcook.gcp.domain.SaturationDegreeStrategyTests" time="0.001"/>
  <testcase name="shouldReturnRandomUncolouredVertexWhenGraphUncoloured()[181]" classname="uk.me.robcook.gcp.domain.SaturationDegreeStrategyTests" time="0.001"/>
  <testcase name="shouldReturnRandomUncolouredVertexWhenGraphUncoloured()[182]" classname="uk.me.robcook.gcp.domain.SaturationDegreeStrategyTests" time="0.0"/>
  <testcase name="shouldReturnRandomUncolouredVertexWhenGraphUncoloured()[183]" classname="uk.me.robcook.gcp.domain.SaturationDegreeStrategyTests" time="0.0"/>
  <testcase name="shouldReturnRandomUncolouredVertexWhenGraphUncoloured()[184]" classname="uk.me.robcook.gcp.domain.SaturationDegreeStrategyTests" time="0.001"/>
  <testcase name="shouldReturnRandomUncolouredVertexWhenGraphUncoloured()[185]" classname="uk.me.robcook.gcp.domain.SaturationDegreeStrategyTests" time="0.0"/>
  <testcase name="shouldReturnRandomUncolouredVertexWhenGraphUncoloured()[186]" classname="uk.me.robcook.gcp.domain.SaturationDegreeStrategyTests" time="0.001"/>
  <testcase name="shouldReturnRandomUncolouredVertexWhenGraphUncoloured()[187]" classname="uk.me.robcook.gcp.domain.SaturationDegreeStrategyTests" time="0.0"/>
  <testcase name="shouldReturnRandomUncolouredVertexWhenGraphUncoloured()[188]" classname="uk.me.robcook.gcp.domain.SaturationDegreeStrategyTests" time="0.0"/>
  <testcase name="shouldReturnRandomUncolouredVertexWhenGraphUncoloured()[189]" classname="uk.me.robcook.gcp.domain.SaturationDegreeStrategyTests" time="0.001"/>
  <testcase name="shouldReturnRandomUncolouredVertexWhenGraphUncoloured()[190]" classname="uk.me.robcook.gcp.domain.SaturationDegreeStrategyTests" time="0.0"/>
  <testcase name="shouldReturnRandomUncolouredVertexWhenGraphUncoloured()[191]" classname="uk.me.robcook.gcp.domain.SaturationDegreeStrategyTests" time="0.0"/>
  <testcase name="shouldReturnRandomUncolouredVertexWhenGraphUncoloured()[192]" classname="uk.me.robcook.gcp.domain.SaturationDegreeStrategyTests" time="0.001"/>
  <testcase name="shouldReturnRandomUncolouredVertexWhenGraphUncoloured()[193]" classname="uk.me.robcook.gcp.domain.SaturationDegreeStrategyTests" time="0.0"/>
  <testcase name="shouldReturnRandomUncolouredVertexWhenGraphUncoloured()[194]" classname="uk.me.robcook.gcp.domain.SaturationDegreeStrategyTests" time="0.0"/>
  <testcase name="shouldReturnRandomUncolouredVertexWhenGraphUncoloured()[195]" classname="uk.me.robcook.gcp.domain.SaturationDegreeStrategyTests" time="0.0"/>
  <testcase name="shouldReturnRandomUncolouredVertexWhenGraphUncoloured()[196]" classname="uk.me.robcook.gcp.domain.SaturationDegreeStrategyTests" time="0.0"/>
  <testcase name="shouldReturnRandomUncolouredVertexWhenGraphUncoloured()[197]" classname="uk.me.robcook.gcp.domain.SaturationDegreeStrategyTests" time="0.001"/>
  <testcase name="shouldReturnRandomUncolouredVertexWhenGraphUncoloured()[198]" classname="uk.me.robcook.gcp.domain.SaturationDegreeStrategyTests" time="0.0"/>
  <testcase name="shouldReturnRandomUncolouredVertexWhenGraphUncoloured()[199]" classname="uk.me.robcook.gcp.domain.SaturationDegreeStrategyTests" time="0.0"/>
  <testcase name="shouldReturnRandomUncolouredVertexWhenGraphUncoloured()[200]" classname="uk.me.robcook.gcp.domain.SaturationDegreeStrategyTests" time="0.001"/>
  <testcase name="shouldReturnRandomUncolouredVertexWhenGraphUncoloured()[201]" classname="uk.me.robcook.gcp.domain.SaturationDegreeStrategyTests" time="0.0"/>
  <testcase name="shouldReturnRandomUncolouredVertexWhenGraphUncoloured()[202]" classname="uk.me.robcook.gcp.domain.SaturationDegreeStrategyTests" time="0.0"/>
  <testcase name="shouldReturnRandomUncolouredVertexWhenGraphUncoloured()[203]" classname="uk.me.robcook.gcp.domain.SaturationDegreeStrategyTests" time="0.0"/>
  <testcase name="shouldReturnRandomUncolouredVertexWhenGraphUncoloured()[204]" classname="uk.me.robcook.gcp.domain.SaturationDegreeStrategyTests" time="0.0"/>
  <testcase name="shouldReturnRandomUncolouredVertexWhenGraphUncoloured()[205]" classname="uk.me.robcook.gcp.domain.SaturationDegreeStrategyTests" time="0.0"/>
  <testcase name="shouldReturnRandomUncolouredVertexWhenGraphUncoloured()[206]" classname="uk.me.robcook.gcp.domain.SaturationDegreeStrategyTests" time="0.0"/>
  <testcase name="shouldReturnRandomUncolouredVertexWhenGraphUncoloured()[207]" classname="uk.me.robcook.gcp.domain.SaturationDegreeStrategyTests" time="0.001"/>
  <testcase name="shouldReturnRandomUncolouredVertexWhenGraphUncoloured()[208]" classname="uk.me.robcook.gcp.domain.SaturationDegreeStrategyTests" time="0.0"/>
  <testcase name="shouldReturnRandomUncolouredVertexWhenGraphUncoloured()[209]" classname="uk.me.robcook.gcp.domain.SaturationDegreeStrategyTests" time="0.001"/>
  <testcase name="shouldReturnRandomUncolouredVertexWhenGraphUncoloured()[210]" classname="uk.me.robcook.gcp.domain.SaturationDegreeStrategyTests" time="0.0"/>
  <testcase name="shouldReturnRandomUncolouredVertexWhenGraphUncoloured()[211]" classname="uk.me.robcook.gcp.domain.SaturationDegreeStrategyTests" time="0.001"/>
  <testcase name="shouldReturnRandomUncolouredVertexWhenGraphUncoloured()[212]" classname="uk.me.robcook.gcp.domain.SaturationDegreeStrategyTests" time="0.0"/>
  <testcase name="shouldReturnRandomUncolouredVertexWhenGraphUncoloured()[213]" classname="uk.me.robcook.gcp.domain.SaturationDegreeStrategyTests" time="0.0"/>
  <testcase name="shouldReturnRandomUncolouredVertexWhenGraphUncoloured()[214]" classname="uk.me.robcook.gcp.domain.SaturationDegreeStrategyTests" time="0.0"/>
  <testcase name="shouldReturnRandomUncolouredVertexWhenGraphUncoloured()[215]" classname="uk.me.robcook.gcp.domain.SaturationDegreeStrategyTests" time="0.0"/>
  <testcase name="shouldReturnRandomUncolouredVertexWhenGraphUncoloured()[216]" classname="uk.me.robcook.gcp.domain.SaturationDegreeStrategyTests" time="0.001"/>
  <testcase name="shouldReturnRandomUncolouredVertexWhenGraphUncoloured()[217]" classname="uk.me.robcook.gcp.domain.SaturationDegreeStrategyTests" time="0.0"/>
  <testcase name="shouldReturnRandomUncolouredVertexWhenGraphUncoloured()[218]" classname="uk.me.robcook.gcp.domain.SaturationDegreeStrategyTests" time="0.0"/>
  <testcase name="shouldReturnRandomUncolouredVertexWhenGraphUncoloured()[219]" classname="uk.me.robcook.gcp.domain.SaturationDegreeStrategyTests" time="0.0"/>
  <testcase name="shouldReturnRandomUncolouredVertexWhenGraphUncoloured()[220]" classname="uk.me.robcook.gcp.domain.SaturationDegreeStrategyTests" time="0.0"/>
  <testcase name="shouldReturnRandomUncolouredVertexWhenGraphUncoloured()[221]" classname="uk.me.robcook.gcp.domain.SaturationDegreeStrategyTests" time="0.0"/>
  <testcase name="shouldReturnRandomUncolouredVertexWhenGraphUncoloured()[222]" classname="uk.me.robcook.gcp.domain.SaturationDegreeStrategyTests" time="0.0"/>
  <testcase name="shouldReturnRandomUncolouredVertexWhenGraphUncoloured()[223]" classname="uk.me.robcook.gcp.domain.SaturationDegreeStrategyTests" time="0.001"/>
  <testcase name="shouldReturnRandomUncolouredVertexWhenGraphUncoloured()[224]" classname="uk.me.robcook.gcp.domain.SaturationDegreeStrategyTests" time="0.0"/>
  <testcase name="shouldReturnRandomUncolouredVertexWhenGraphUncoloured()[225]" classname="uk.me.robcook.gcp.domain.SaturationDegreeStrategyTests" time="0.0"/>
  <testcase name="shouldReturnRandomUncolouredVertexWhenGraphUncoloured()[226]" classname="uk.me.robcook.gcp.domain.SaturationDegreeStrategyTests" time="0.001"/>
  <testcase name="shouldReturnRandomUncolouredVertexWhenGraphUncoloured()[227]" classname="uk.me.robcook.gcp.domain.SaturationDegreeStrategyTests" time="0.0"/>
  <testcase name="shouldReturnRandomUncolouredVertexWhenGraphUncoloured()[228]" classname="uk.me.robcook.gcp.domain.SaturationDegreeStrategyTests" time="0.0"/>
  <testcase name="shouldReturnRandomUncolouredVertexWhenGraphUncoloured()[229]" classname="uk.me.robcook.gcp.domain.SaturationDegreeStrategyTests" time="0.0"/>
  <testcase name="shouldReturnRandomUncolouredVertexWhenGraphUncoloured()[230]" classname="uk.me.robcook.gcp.domain.SaturationDegreeStrategyTests" time="0.0"/>
  <testcase name="shouldReturnRandomUncolouredVertexWhenGraphUncoloured()[231]" classname="uk.me.robcook.gcp.domain.SaturationDegreeStrategyTests" time="0.001"/>
  <testcase name="shouldReturnRandomUncolouredVertexWhenGraphUncoloured()[232]" classname="uk.me.robcook.gcp.domain.SaturationDegreeStrategyTests" time="0.0"/>
  <testcase name="shouldReturnRandomUncolouredVertexWhenGraphUncoloured()[233]" classname="uk.me.robcook.gcp.domain.SaturationDegreeStrategyTests" time="0.0"/>
  <testcase name="shouldReturnRandomUncolouredVertexWhenGraphUncoloured()[234]" classname="uk.me.robcook.gcp.domain.SaturationDegreeStrategyTests" time="0.0"/>
  <testcase name="shouldReturnRandomUncolouredVertexWhenGraphUncoloured()[235]" classname="uk.me.robcook.gcp.domain.SaturationDegreeStrategyTests" time="0.0"/>
  <testcase name="shouldReturnRandomUncolouredVertexWhenGraphUncoloured()[236]" classname="uk.me.robcook.gcp.domain.SaturationDegreeStrategyTests" time="0.001"/>
  <testcase name="shouldReturnRandomUncolouredVertexWhenGraphUncoloured()[237]" classname="uk.me.robcook.gcp.domain.SaturationDegreeStrategyTests" time="0.0"/>
  <testcase name="shouldReturnRandomUncolouredVertexWhenGraphUncoloured()[238]" classname="uk.me.robcook.gcp.domain.SaturationDegreeStrategyTests" time="0.0"/>
  <testcase name="shouldReturnRandomUncolouredVertexWhenGraphUncoloured()[239]" classname="uk.me.robcook.gcp.domain.SaturationDegreeStrategyTests" time="0.001"/>
  <testcase name="shouldReturnRandomUncolouredVertexWhenGraphUncoloured()[240]" classname="uk.me.robcook.gcp.domain.SaturationDegreeStrategyTests" time="0.0"/>
  <testcase name="shouldReturnRandomUncolouredVertexWhenGraphUncoloured()[241]" classname="uk.me.robcook.gcp.domain.SaturationDegreeStrategyTests" time="0.0"/>
  <testcase name="shouldReturnRandomUncolouredVertexWhenGraphUncoloured()[242]" classname="uk.me.robcook.gcp.domain.SaturationDegreeStrategyTests" time="0.0"/>
  <testcase name="shouldReturnRandomUncolouredVertexWhenGraphUncoloured()[243]" classname="uk.me.robcook.gcp.domain.SaturationDegreeStrategyTests" time="0.0"/>
  <testcase name="shouldReturnRandomUncolouredVertexWhenGraphUncoloured()[244]" classname="uk.me.robcook.gcp.domain.SaturationDegreeStrategyTests" time="0.001"/>
  <testcase name="shouldReturnRandomUncolouredVertexWhenGraphUncoloured()[245]" classname="uk.me.robcook.gcp.domain.SaturationDegreeStrategyTests" time="0.0"/>
  <testcase name="shouldReturnRandomUncolouredVertexWhenGraphUncoloured()[246]" classname="uk.me.robcook.gcp.domain.SaturationDegreeStrategyTests" time="0.001"/>
  <testcase name="shouldReturnRandomUncolouredVertexWhenGraphUncoloured()[247]" classname="uk.me.robcook.gcp.domain.SaturationDegreeStrategyTests" time="0.0"/>
  <testcase name="shouldReturnRandomUncolouredVertexWhenGraphUncoloured()[248]" classname="uk.me.robcook.gcp.domain.SaturationDegreeStrategyTests" time="0.001"/>
  <testcase name="shouldReturnRandomUncolouredVertexWhenGraphUncoloured()[249]" classname="uk.me.robcook.gcp.domain.SaturationDegreeStrategyTests" time="0.0"/>
  <testcase name="shouldReturnRandomUncolouredVertexWhenGraphUncoloured()[250]" classname="uk.me.robcook.gcp.domain.SaturationDegreeStrategyTests" time="0.0"/>
  <testcase name="shouldReturnRandomUncolouredVertexWhenGraphUncoloured()[251]" classname="uk.me.robcook.gcp.domain.SaturationDegreeStrategyTests" time="0.0"/>
  <testcase name="shouldReturnRandomUncolouredVertexWhenGraphUncoloured()[252]" classname="uk.me.robcook.gcp.domain.SaturationDegreeStrategyTests" time="0.0"/>
  <testcase name="shouldReturnRandomUncolouredVertexWhenGraphUncoloured()[253]" classname="uk.me.robcook.gcp.domain.SaturationDegreeStrategyTests" time="0.0"/>
  <testcase name="shouldReturnRandomUncolouredVertexWhenGraphUncoloured()[254]" classname="uk.me.robcook.gcp.domain.SaturationDegreeStrategyTests" time="0.0"/>
  <testcase name="shouldReturnRandomUncolouredVertexWhenGraphUncoloured()[255]" classname="uk.me.robcook.gcp.domain.SaturationDegreeStrategyTests" time="0.0"/>
  <testcase name="shouldReturnRandomUncolouredVertexWhenGraphUncoloured()[256]" classname="uk.me.robcook.gcp.domain.SaturationDegreeStrategyTests" time="0.001"/>
  <testcase name="shouldReturnRandomUncolouredVertexWhenGraphUncoloured()[257]" classname="uk.me.robcook.gcp.domain.SaturationDegreeStrategyTests" time="0.0"/>
  <testcase name="shouldReturnRandomUncolouredVertexWhenGraphUncoloured()[258]" classname="uk.me.robcook.gcp.domain.SaturationDegreeStrategyTests" time="0.0"/>
  <testcase name="shouldReturnRandomUncolouredVertexWhenGraphUncoloured()[259]" classname="uk.me.robcook.gcp.domain.SaturationDegreeStrategyTests" time="0.0"/>
  <testcase name="shouldReturnRandomUncolouredVertexWhenGraphUncoloured()[260]" classname="uk.me.robcook.gcp.domain.SaturationDegreeStrategyTests" time="0.0"/>
  <testcase name="shouldReturnRandomUncolouredVertexWhenGraphUncoloured()[261]" classname="uk.me.robcook.gcp.domain.SaturationDegreeStrategyTests" time="0.0"/>
  <testcase name="shouldReturnRandomUncolouredVertexWhenGraphUncoloured()[262]" classname="uk.me.robcook.gcp.domain.SaturationDegreeStrategyTests" time="0.0"/>
  <testcase name="shouldReturnRandomUncolouredVertexWhenGraphUncoloured()[263]" classname="uk.me.robcook.gcp.domain.SaturationDegreeStrategyTests" time="0.001"/>
  <testcase name="shouldReturnRandomUncolouredVertexWhenGraphUncoloured()[264]" classname="uk.me.robcook.gcp.domain.SaturationDegreeStrategyTests" time="0.0"/>
  <testcase name="shouldReturnRandomUncolouredVertexWhenGraphUncoloured()[265]" classname="uk.me.robcook.gcp.domain.SaturationDegreeStrategyTests" time="0.0"/>
  <testcase name="shouldReturnRandomUncolouredVertexWhenGraphUncoloured()[266]" classname="uk.me.robcook.gcp.domain.SaturationDegreeStrategyTests" time="0.0"/>
  <testcase name="shouldReturnRandomUncolouredVertexWhenGraphUncoloured()[267]" classname="uk.me.robcook.gcp.domain.SaturationDegreeStrategyTests" time="0.0"/>
  <testcase name="shouldReturnRandomUncolouredVertexWhenGraphUncoloured()[268]" classname="uk.me.robcook.gcp.domain.SaturationDegreeStrategyTests" time="0.001"/>
  <testcase name="shouldReturnRandomUncolouredVertexWhenGraphUncoloured()[269]" classname="uk.me.robcook.gcp.domain.SaturationDegreeStrategyTests" time="0.0"/>
  <testcase name="shouldReturnRandomUncolouredVertexWhenGraphUncoloured()[270]" classname="uk.me.robcook.gcp.domain.SaturationDegreeStrategyTests" time="0.0"/>
  <testcase name="shouldReturnRandomUncolouredVertexWhenGraphUncoloured()[271]" classname="uk.me.robcook.gcp.domain.SaturationDegreeStrategyTests" time="0.0"/>
  <testcase name="shouldReturnRandomUncolouredVertexWhenGraphUncoloured()[272]" classname="uk.me.robcook.gcp.domain.SaturationDegreeStrategyTests" time="0.0"/>
  <testcase name="shouldReturnRandomUncolouredVertexWhenGraphUncoloured()[273]" classname="uk.me.robcook.gcp.domain.SaturationDegreeStrategyTests" time="0.001"/>
  <testcase name="shouldReturnRandomUncolouredVertexWhenGraphUncoloured()[274]" classname="uk.me.robcook.gcp.domain.SaturationDegreeStrategyTests" time="0.0"/>
  <testcase name="shouldReturnRandomUncolouredVertexWhenGraphUncoloured()[275]" classname="uk.me.robcook.gcp.domain.SaturationDegreeStrategyTests" time="0.0"/>
  <testcase name="shouldReturnRandomUncolouredVertexWhenGraphUncoloured()[276]" classname="uk.me.robcook.gcp.domain.SaturationDegreeStrategyTests" time="0.0"/>
  <testcase name="shouldReturnRandomUncolouredVertexWhenGraphUncoloured()[277]" classname="uk.me.robcook.gcp.domain.SaturationDegreeStrategyTests" time="0.0"/>
  <testcase name="shouldReturnRandomUncolouredVertexWhenGraphUncoloured()[278]" classname="uk.me.robcook.gcp.domain.SaturationDegreeStrategyTests" time="0.0"/>
  <testcase name="shouldReturnRandomUncolouredVertexWhenGraphUncoloured()[279]" classname="uk.me.robcook.gcp.domain.SaturationDegreeStrategyTests" time="0.0"/>
  <testcase name="shouldReturnRandomUncolouredVertexWhenGraphUncoloured()[280]" classname="uk.me.robcook.gcp.domain.SaturationDegreeStrategyTests" time="0.0"/>
  <testcase name="shouldReturnRandomUncolouredVertexWhenGraphUncoloured()[281]" classname="uk.me.robcook.gcp.domain.SaturationDegreeStrategyTests" time="0.006"/>
  <testcase name="shouldReturnRandomUncolouredVertexWhenGraphUncoloured()[282]" classname="uk.me.robcook.gcp.domain.SaturationDegreeStrategyTests" time="0.001"/>
  <testcase name="shouldReturnRandomUncolouredVertexWhenGraphUncoloured()[283]" classname="uk.me.robcook.gcp.domain.SaturationDegreeStrategyTests" time="0.001"/>
  <testcase name="shouldReturnRandomUncolouredVertexWhenGraphUncoloured()[284]" classname="uk.me.robcook.gcp.domain.SaturationDegreeStrategyTests" time="0.0"/>
  <testcase name="shouldReturnRandomUncolouredVertexWhenGraphUncoloured()[285]" classname="uk.me.robcook.gcp.domain.SaturationDegreeStrategyTests" time="0.0"/>
  <testcase name="shouldReturnRandomUncolouredVertexWhenGraphUncoloured()[286]" classname="uk.me.robcook.gcp.domain.SaturationDegreeStrategyTests" time="0.0"/>
  <testcase name="shouldReturnRandomUncolouredVertexWhenGraphUncoloured()[287]" classname="uk.me.robcook.gcp.domain.SaturationDegreeStrategyTests" time="0.0"/>
  <testcase name="shouldReturnRandomUncolouredVertexWhenGraphUncoloured()[288]" classname="uk.me.robcook.gcp.domain.SaturationDegreeStrategyTests" time="0.001"/>
  <testcase name="shouldReturnRandomUncolouredVertexWhenGraphUncoloured()[289]" classname="uk.me.robcook.gcp.domain.SaturationDegreeStrategyTests" time="0.0"/>
  <testcase name="shouldReturnRandomUncolouredVertexWhenGraphUncoloured()[290]" classname="uk.me.robcook.gcp.domain.SaturationDegreeStrategyTests" time="0.0"/>
  <testcase name="shouldReturnRandomUncolouredVertexWhenGraphUncoloured()[291]" classname="uk.me.robcook.gcp.domain.SaturationDegreeStrategyTests" time="0.0"/>
  <testcase name="shouldReturnRandomUncolouredVertexWhenGraphUncoloured()[292]" classname="uk.me.robcook.gcp.domain.SaturationDegreeStrategyTests" time="0.0"/>
  <testcase name="shouldReturnRandomUncolouredVertexWhenGraphUncoloured()[293]" classname="uk.me.robcook.gcp.domain.SaturationDegreeStrategyTests" time="0.0"/>
  <testcase name="shouldReturnRandomUncolouredVertexWhenGraphUncoloured()[294]" classname="uk.me.robcook.gcp.domain.SaturationDegreeStrategyTests" time="0.0"/>
  <testcase name="shouldReturnRandomUncolouredVertexWhenGraphUncoloured()[295]" classname="uk.me.robcook.gcp.domain.SaturationDegreeStrategyTests" time="0.0"/>
  <testcase name="shouldReturnRandomUncolouredVertexWhenGraphUncoloured()[296]" classname="uk.me.robcook.gcp.domain.SaturationDegreeStrategyTests" time="0.0"/>
  <testcase name="shouldReturnRandomUncolouredVertexWhenGraphUncoloured()[297]" classname="uk.me.robcook.gcp.domain.SaturationDegreeStrategyTests" time="0.001"/>
  <testcase name="shouldReturnRandomUncolouredVertexWhenGraphUncoloured()[298]" classname="uk.me.robcook.gcp.domain.SaturationDegreeStrategyTests" time="0.0"/>
  <testcase name="shouldReturnRandomUncolouredVertexWhenGraphUncoloured()[299]" classname="uk.me.robcook.gcp.domain.SaturationDegreeStrategyTests" time="0.0"/>
  <testcase name="shouldReturnRandomUncolouredVertexWhenGraphUncoloured()[300]" classname="uk.me.robcook.gcp.domain.SaturationDegreeStrategyTests" time="0.0"/>
  <testcase name="shouldReturnRandomUncolouredVertexWhenGraphUncoloured()[301]" classname="uk.me.robcook.gcp.domain.SaturationDegreeStrategyTests" time="0.0"/>
  <testcase name="shouldReturnRandomUncolouredVertexWhenGraphUncoloured()[302]" classname="uk.me.robcook.gcp.domain.SaturationDegreeStrategyTests" time="0.0"/>
  <testcase name="shouldReturnRandomUncolouredVertexWhenGraphUncoloured()[303]" classname="uk.me.robcook.gcp.domain.SaturationDegreeStrategyTests" time="0.001"/>
  <testcase name="shouldReturnRandomUncolouredVertexWhenGraphUncoloured()[304]" classname="uk.me.robcook.gcp.domain.SaturationDegreeStrategyTests" time="0.0"/>
  <testcase name="shouldReturnRandomUncolouredVertexWhenGraphUncoloured()[305]" classname="uk.me.robcook.gcp.domain.SaturationDegreeStrategyTests" time="0.0"/>
  <testcase name="shouldReturnRandomUncolouredVertexWhenGraphUncoloured()[306]" classname="uk.me.robcook.gcp.domain.SaturationDegreeStrategyTests" time="0.001"/>
  <testcase name="shouldReturnRandomUncolouredVertexWhenGraphUncoloured()[307]" classname="uk.me.robcook.gcp.domain.SaturationDegreeStrategyTests" time="0.0"/>
  <testcase name="shouldReturnRandomUncolouredVertexWhenGraphUncoloured()[308]" classname="uk.me.robcook.gcp.domain.SaturationDegreeStrategyTests" time="0.0"/>
  <testcase name="shouldReturnRandomUncolouredVertexWhenGraphUncoloured()[309]" classname="uk.me.robcook.gcp.domain.SaturationDegreeStrategyTests" time="0.0"/>
  <testcase name="shouldReturnRandomUncolouredVertexWhenGraphUncoloured()[310]" classname="uk.me.robcook.gcp.domain.SaturationDegreeStrategyTests" time="0.0"/>
  <testcase name="shouldReturnRandomUncolouredVertexWhenGraphUncoloured()[311]" classname="uk.me.robcook.gcp.domain.SaturationDegreeStrategyTests" time="0.0"/>
  <testcase name="shouldReturnRandomUncolouredVertexWhenGraphUncoloured()[312]" classname="uk.me.robcook.gcp.domain.SaturationDegreeStrategyTests" time="0.0"/>
  <testcase name="shouldReturnRandomUncolouredVertexWhenGraphUncoloured()[313]" classname="uk.me.robcook.gcp.domain.SaturationDegreeStrategyTests" time="0.0"/>
  <testcase name="shouldReturnRandomUncolouredVertexWhenGraphUncoloured()[314]" classname="uk.me.robcook.gcp.domain.SaturationDegreeStrategyTests" time="0.0"/>
  <testcase name="shouldReturnRandomUncolouredVertexWhenGraphUncoloured()[315]" classname="uk.me.robcook.gcp.domain.SaturationDegreeStrategyTests" time="0.001"/>
  <testcase name="shouldReturnRandomUncolouredVertexWhenGraphUncoloured()[316]" classname="uk.me.robcook.gcp.domain.SaturationDegreeStrategyTests" time="0.0"/>
  <testcase name="shouldReturnRandomUncolouredVertexWhenGraphUncoloured()[317]" classname="uk.me.robcook.gcp.domain.SaturationDegreeStrategyTests" time="0.0"/>
  <testcase name="shouldReturnRandomUncolouredVertexWhenGraphUncoloured()[318]" classname="uk.me.robcook.gcp.domain.SaturationDegreeStrategyTests" time="0.001"/>
  <testcase name="shouldReturnRandomUncolouredVertexWhenGraphUncoloured()[319]" classname="uk.me.robcook.gcp.domain.SaturationDegreeStrategyTests" time="0.0"/>
  <testcase name="shouldReturnRandomUncolouredVertexWhenGraphUncoloured()[320]" classname="uk.me.robcook.gcp.domain.SaturationDegreeStrategyTests" time="0.0"/>
  <testcase name="shouldReturnRandomUncolouredVertexWhenGraphUncoloured()[321]" classname="uk.me.robcook.gcp.domain.SaturationDegreeStrategyTests" time="0.0"/>
  <testcase name="shouldReturnRandomUncolouredVertexWhenGraphUncoloured()[322]" classname="uk.me.robcook.gcp.domain.SaturationDegreeStrategyTests" time="0.0"/>
  <testcase name="shouldReturnRandomUncolouredVertexWhenGraphUncoloured()[323]" classname="uk.me.robcook.gcp.domain.SaturationDegreeStrategyTests" time="0.0"/>
  <testcase name="shouldReturnRandomUncolouredVertexWhenGraphUncoloured()[324]" classname="uk.me.robcook.gcp.domain.SaturationDegreeStrategyTests" time="0.0"/>
  <testcase name="shouldReturnRandomUncolouredVertexWhenGraphUncoloured()[325]" classname="uk.me.robcook.gcp.domain.SaturationDegreeStrategyTests" time="0.0"/>
  <testcase name="shouldReturnRandomUncolouredVertexWhenGraphUncoloured()[326]" classname="uk.me.robcook.gcp.domain.SaturationDegreeStrategyTests" time="0.001"/>
  <testcase name="shouldReturnRandomUncolouredVertexWhenGraphUncoloured()[327]" classname="uk.me.robcook.gcp.domain.SaturationDegreeStrategyTests" time="0.0"/>
  <testcase name="shouldReturnRandomUncolouredVertexWhenGraphUncoloured()[328]" classname="uk.me.robcook.gcp.domain.SaturationDegreeStrategyTests" time="0.0"/>
  <testcase name="shouldReturnRandomUncolouredVertexWhenGraphUncoloured()[329]" classname="uk.me.robcook.gcp.domain.SaturationDegreeStrategyTests" time="0.001"/>
  <testcase name="shouldReturnRandomUncolouredVertexWhenGraphUncoloured()[330]" classname="uk.me.robcook.gcp.domain.SaturationDegreeStrategyTests" time="0.0"/>
  <testcase name="shouldReturnRandomUncolouredVertexWhenGraphUncoloured()[331]" classname="uk.me.robcook.gcp.domain.SaturationDegreeStrategyTests" time="0.0"/>
  <testcase name="shouldReturnRandomUncolouredVertexWhenGraphUncoloured()[332]" classname="uk.me.robcook.gcp.domain.SaturationDegreeStrategyTests" time="0.0"/>
  <testcase name="shouldReturnRandomUncolouredVertexWhenGraphUncoloured()[333]" classname="uk.me.robcook.gcp.domain.SaturationDegreeStrategyTests" time="0.0"/>
  <testcase name="shouldReturnRandomUncolouredVertexWhenGraphUncoloured()[334]" classname="uk.me.robcook.gcp.domain.SaturationDegreeStrategyTests" time="0.0"/>
  <testcase name="shouldReturnRandomUncolouredVertexWhenGraphUncoloured()[335]" classname="uk.me.robcook.gcp.domain.SaturationDegreeStrategyTests" time="0.001"/>
  <testcase name="shouldReturnRandomUncolouredVertexWhenGraphUncoloured()[336]" classname="uk.me.robcook.gcp.domain.SaturationDegreeStrategyTests" time="0.0"/>
  <testcase name="shouldReturnRandomUncolouredVertexWhenGraphUncoloured()[337]" classname="uk.me.robcook.gcp.domain.SaturationDegreeStrategyTests" time="0.0"/>
  <testcase name="shouldReturnRandomUncolouredVertexWhenGraphUncoloured()[338]" classname="uk.me.robcook.gcp.domain.SaturationDegreeStrategyTests" time="0.0"/>
  <testcase name="shouldReturnRandomUncolouredVertexWhenGraphUncoloured()[339]" classname="uk.me.robcook.gcp.domain.SaturationDegreeStrategyTests" time="0.0"/>
  <testcase name="shouldReturnRandomUncolouredVertexWhenGraphUncoloured()[340]" classname="uk.me.robcook.gcp.domain.SaturationDegreeStrategyTests" time="0.0"/>
  <testcase name="shouldReturnRandomUncolouredVertexWhenGraphUncoloured()[341]" classname="uk.me.robcook.gcp.domain.SaturationDegreeStrategyTests" time="0.0"/>
  <testcase name="shouldReturnRandomUncolouredVertexWhenGraphUncoloured()[342]" classname="uk.me.robcook.gcp.domain.SaturationDegreeStrategyTests" time="0.0"/>
  <testcase name="shouldReturnRandomUncolouredVertexWhenGraphUncoloured()[343]" classname="uk.me.robcook.gcp.domain.SaturationDegreeStrategyTests" time="0.001"/>
  <testcase name="shouldReturnRandomUncolouredVertexWhenGraphUncoloured()[344]" classname="uk.me.robcook.gcp.domain.SaturationDegreeStrategyTests" time="0.0"/>
  <testcase name="shouldReturnRandomUncolouredVertexWhenGraphUncoloured()[345]" classname="uk.me.robcook.gcp.domain.SaturationDegreeStrategyTests" time="0.0"/>
  <testcase name="shouldReturnRandomUncolouredVertexWhenGraphUncoloured()[346]" classname="uk.me.robcook.gcp.domain.SaturationDegreeStrategyTests" time="0.001"/>
  <testcase name="shouldReturnRandomUncolouredVertexWhenGraphUncoloured()[347]" classname="uk.me.robcook.gcp.domain.SaturationDegreeStrategyTests" time="0.0"/>
  <testcase name="shouldReturnRandomUncolouredVertexWhenGraphUncoloured()[348]" classname="uk.me.robcook.gcp.domain.SaturationDegreeStrategyTests" time="0.0"/>
  <testcase name="shouldReturnRandomUncolouredVertexWhenGraphUncoloured()[349]" classname="uk.me.robcook.gcp.domain.SaturationDegreeStrategyTests" time="0.0"/>
  <testcase name="shouldReturnRandomUncolouredVertexWhenGraphUncoloured()[350]" classname="uk.me.robcook.gcp.domain.SaturationDegreeStrategyTests" time="0.0"/>
  <testcase name="shouldReturnRandomUncolouredVertexWhenGraphUncoloured()[351]" classname="uk.me.robcook.gcp.domain.SaturationDegreeStrategyTests" time="0.0"/>
  <testcase name="shouldReturnRandomUncolouredVertexWhenGraphUncoloured()[352]" classname="uk.me.robcook.gcp.domain.SaturationDegreeStrategyTests" time="0.0"/>
  <testcase name="shouldReturnRandomUncolouredVertexWhenGraphUncoloured()[353]" classname="uk.me.robcook.gcp.domain.SaturationDegreeStrategyTests" time="0.0"/>
  <testcase name="shouldReturnRandomUncolouredVertexWhenGraphUncoloured()[354]" classname="uk.me.robcook.gcp.domain.SaturationDegreeStrategyTests" time="0.0"/>
  <testcase name="shouldReturnRandomUncolouredVertexWhenGraphUncoloured()[355]" classname="uk.me.robcook.gcp.domain.SaturationDegreeStrategyTests" time="0.001"/>
  <testcase name="shouldReturnRandomUncolouredVertexWhenGraphUncoloured()[356]" classname="uk.me.robcook.gcp.domain.SaturationDegreeStrategyTests" time="0.0"/>
  <testcase name="shouldReturnRandomUncolouredVertexWhenGraphUncoloured()[357]" classname="uk.me.robcook.gcp.domain.SaturationDegreeStrategyTests" time="0.0"/>
  <testcase name="shouldReturnRandomUncolouredVertexWhenGraphUncoloured()[358]" classname="uk.me.robcook.gcp.domain.SaturationDegreeStrategyTests" time="0.001"/>
  <testcase name="shouldReturnRandomUncolouredVertexWhenGraphUncoloured()[359]" classname="uk.me.robcook.gcp.domain.SaturationDegreeStrategyTests" time="0.0"/>
  <testcase name="shouldReturnRandomUncolouredVertexWhenGraphUncoloured()[360]" classname="uk.me.robcook.gcp.domain.SaturationDegreeStrategyTests" time="0.0"/>
  <testcase name="shouldReturnRandomUncolouredVertexWhenGraphUncoloured()[361]" classname="uk.me.robcook.gcp.domain.SaturationDegreeStrategyTests" time="0.0"/>
  <testcase name="shouldReturnRandomUncolouredVertexWhenGraphUncoloured()[362]" classname="uk.me.robcook.gcp.domain.SaturationDegreeStrategyTests" time="0.0"/>
  <testcase name="shouldReturnRandomUncolouredVertexWhenGraphUncoloured()[363]" classname="uk.me.robcook.gcp.domain.SaturationDegreeStrategyTests" time="0.001"/>
  <testcase name="shouldReturnRandomUncolouredVertexWhenGraphUncoloured()[364]" classname="uk.me.robcook.gcp.domain.SaturationDegreeStrategyTests" time="0.0"/>
  <testcase name="shouldReturnRandomUncolouredVertexWhenGraphUncoloured()[365]" classname="uk.me.robcook.gcp.domain.SaturationDegreeStrategyTests" time="0.001"/>
  <testcase name="shouldReturnRandomUncolouredVertexWhenGraphUncoloured()[366]" classname="uk.me.robcook.gcp.domain.SaturationDegreeStrategyTests" time="0.001"/>
  <testcase name="shouldReturnRandomUncolouredVertexWhenGraphUncoloured()[367]" classname="uk.me.robcook.gcp.domain.SaturationDegreeStrategyTests" time="0.0"/>
  <testcase name="shouldReturnRandomUncolouredVertexWhenGraphUncoloured()[368]" classname="uk.me.robcook.gcp.domain.SaturationDegreeStrategyTests" time="0.0"/>
  <testcase name="shouldReturnRandomUncolouredVertexWhenGraphUncoloured()[369]" classname="uk.me.robcook.gcp.domain.SaturationDegreeStrategyTests" time="0.001"/>
  <testcase name="shouldReturnRandomUncolouredVertexWhenGraphUncoloured()[370]" classname="uk.me.robcook.gcp.domain.SaturationDegreeStrategyTests" time="0.0"/>
  <testcase name="shouldReturnRandomUncolouredVertexWhenGraphUncoloured()[371]" classname="uk.me.robcook.gcp.domain.SaturationDegreeStrategyTests" time="0.0"/>
  <testcase name="shouldReturnRandomUncolouredVertexWhenGraphUncoloured()[372]" classname="uk.me.robcook.gcp.domain.SaturationDegreeStrategyTests" time="0.001"/>
  <testcase name="shouldReturnRandomUncolouredVertexWhenGraphUncoloured()[373]" classname="uk.me.robcook.gcp.domain.SaturationDegreeStrategyTests" time="0.0"/>
  <testcase name="shouldReturnRandomUncolouredVertexWhenGraphUncoloured()[374]" classname="uk.me.robcook.gcp.domain.SaturationDegreeStrategyTests" time="0.0"/>
  <testcase name="shouldReturnRandomUncolouredVertexWhenGraphUncoloured()[375]" classname="uk.me.robcook.gcp.domain.SaturationDegreeStrategyTests" time="0.0"/>
  <testcase name="shouldReturnRandomUncolouredVertexWhenGraphUncoloured()[376]" classname="uk.me.robcook.gcp.domain.SaturationDegreeStrategyTests" time="0.001"/>
  <testcase name="shouldReturnRandomUncolouredVertexWhenGraphUncoloured()[377]" classname="uk.me.robcook.gcp.domain.SaturationDegreeStrategyTests" time="0.0"/>
  <testcase name="shouldReturnRandomUncolouredVertexWhenGraphUncoloured()[378]" classname="uk.me.robcook.gcp.domain.SaturationDegreeStrategyTests" time="0.001"/>
  <testcase name="shouldReturnRandomUncolouredVertexWhenGraphUncoloured()[379]" classname="uk.me.robcook.gcp.domain.SaturationDegreeStrategyTests" time="0.0"/>
  <testcase name="shouldReturnRandomUncolouredVertexWhenGraphUncoloured()[380]" classname="uk.me.robcook.gcp.domain.SaturationDegreeStrategyTests" time="0.0"/>
  <testcase name="shouldReturnRandomUncolouredVertexWhenGraphUncoloured()[381]" classname="uk.me.robcook.gcp.domain.SaturationDegreeStrategyTests" time="0.0"/>
  <testcase name="shouldReturnRandomUncolouredVertexWhenGraphUncoloured()[382]" classname="uk.me.robcook.gcp.domain.SaturationDegreeStrategyTests" time="0.0"/>
  <testcase name="shouldReturnRandomUncolouredVertexWhenGraphUncoloured()[383]" classname="uk.me.robcook.gcp.domain.SaturationDegreeStrategyTests" time="0.001"/>
  <testcase name="shouldReturnRandomUncolouredVertexWhenGraphUncoloured()[384]" classname="uk.me.robcook.gcp.domain.SaturationDegreeStrategyTests" time="0.0"/>
  <testcase name="shouldReturnRandomUncolouredVertexWhenGraphUncoloured()[385]" classname="uk.me.robcook.gcp.domain.SaturationDegreeStrategyTests" time="0.0"/>
  <testcase name="shouldReturnRandomUncolouredVertexWhenGraphUncoloured()[386]" classname="uk.me.robcook.gcp.domain.SaturationDegreeStrategyTests" time="0.001"/>
  <testcase name="shouldReturnRandomUncolouredVertexWhenGraphUncoloured()[387]" classname="uk.me.robcook.gcp.domain.SaturationDegreeStrategyTests" time="0.0"/>
  <testcase name="shouldReturnRandomUncolouredVertexWhenGraphUncoloured()[388]" classname="uk.me.robcook.gcp.domain.SaturationDegreeStrategyTests" time="0.001"/>
  <testcase name="shouldReturnRandomUncolouredVertexWhenGraphUncoloured()[389]" classname="uk.me.robcook.gcp.domain.SaturationDegreeStrategyTests" time="0.0"/>
  <testcase name="shouldReturnRandomUncolouredVertexWhenGraphUncoloured()[390]" classname="uk.me.robcook.gcp.domain.SaturationDegreeStrategyTests" time="0.001"/>
  <testcase name="shouldReturnRandomUncolouredVertexWhenGraphUncoloured()[391]" classname="uk.me.robcook.gcp.domain.SaturationDegreeStrategyTests" time="0.0"/>
  <testcase name="shouldReturnRandomUncolouredVertexWhenGraphUncoloured()[392]" classname="uk.me.robcook.gcp.domain.SaturationDegreeStrategyTests" time="0.0"/>
  <testcase name="shouldReturnRandomUncolouredVertexWhenGraphUncoloured()[393]" classname="uk.me.robcook.gcp.domain.SaturationDegreeStrategyTests" time="0.0"/>
  <testcase name="shouldReturnRandomUncolouredVertexWhenGraphUncoloured()[394]" classname="uk.me.robcook.gcp.domain.SaturationDegreeStrategyTests" time="0.0"/>
  <testcase name="shouldReturnRandomUncolouredVertexWhenGraphUncoloured()[395]" classname="uk.me.robcook.gcp.domain.SaturationDegreeStrategyTests" time="0.0"/>
  <testcase name="shouldReturnRandomUncolouredVertexWhenGraphUncoloured()[396]" classname="uk.me.robcook.gcp.domain.SaturationDegreeStrategyTests" time="0.0"/>
  <testcase name="shouldReturnRandomUncolouredVertexWhenGraphUncoloured()[397]" classname="uk.me.robcook.gcp.domain.SaturationDegreeStrategyTests" time="0.0"/>
  <testcase name="shouldReturnRandomUncolouredVertexWhenGraphUncoloured()[398]" classname="uk.me.robcook.gcp.domain.SaturationDegreeStrategyTests" time="0.0"/>
  <testcase name="shouldReturnRandomUncolouredVertexWhenGraphUncoloured()[399]" classname="uk.me.robcook.gcp.domain.SaturationDegreeStrategyTests" time="0.0"/>
  <testcase name="shouldReturnRandomUncolouredVertexWhenGraphUncoloured()[400]" classname="uk.me.robcook.gcp.domain.SaturationDegreeStrategyTests" time="0.0"/>
  <testcase name="shouldReturnRandomUncolouredVertexWhenGraphUncoloured()[401]" classname="uk.me.robcook.gcp.domain.SaturationDegreeStrategyTests" time="0.0"/>
  <testcase name="shouldReturnRandomUncolouredVertexWhenGraphUncoloured()[402]" classname="uk.me.robcook.gcp.domain.SaturationDegreeStrategyTests" time="0.001"/>
  <testcase name="shouldReturnRandomUncolouredVertexWhenGraphUncoloured()[403]" classname="uk.me.robcook.gcp.domain.SaturationDegreeStrategyTests" time="0.0"/>
  <testcase name="shouldReturnRandomUncolouredVertexWhenGraphUncoloured()[404]" classname="uk.me.robcook.gcp.domain.SaturationDegreeStrategyTests" time="0.0"/>
  <testcase name="shouldReturnRandomUncolouredVertexWhenGraphUncoloured()[405]" classname="uk.me.robcook.gcp.domain.SaturationDegreeStrategyTests" time="0.0"/>
  <testcase name="shouldReturnRandomUncolouredVertexWhenGraphUncoloured()[406]" classname="uk.me.robcook.gcp.domain.SaturationDegreeStrategyTests" time="0.0"/>
  <testcase name="shouldReturnRandomUncolouredVertexWhenGraphUncoloured()[407]" classname="uk.me.robcook.gcp.domain.SaturationDegreeStrategyTests" time="0.0"/>
  <testcase name="shouldReturnRandomUncolouredVertexWhenGraphUncoloured()[408]" classname="uk.me.robcook.gcp.domain.SaturationDegreeStrategyTests" time="0.0"/>
  <testcase name="shouldReturnRandomUncolouredVertexWhenGraphUncoloured()[409]" classname="uk.me.robcook.gcp.domain.SaturationDegreeStrategyTests" time="0.001"/>
  <testcase name="shouldReturnRandomUncolouredVertexWhenGraphUncoloured()[410]" classname="uk.me.robcook.gcp.domain.SaturationDegreeStrategyTests" time="0.0"/>
  <testcase name="shouldReturnRandomUncolouredVertexWhenGraphUncoloured()[411]" classname="uk.me.robcook.gcp.domain.SaturationDegreeStrategyTests" time="0.0"/>
  <testcase name="shouldReturnRandomUncolouredVertexWhenGraphUncoloured()[412]" classname="uk.me.robcook.gcp.domain.SaturationDegreeStrategyTests" time="0.0"/>
  <testcase name="shouldReturnRandomUncolouredVertexWhenGraphUncoloured()[413]" classname="uk.me.robcook.gcp.domain.SaturationDegreeStrategyTests" time="0.0"/>
  <testcase name="shouldReturnRandomUncolouredVertexWhenGraphUncoloured()[414]" classname="uk.me.robcook.gcp.domain.SaturationDegreeStrategyTests" time="0.0"/>
  <testcase name="shouldReturnRandomUncolouredVertexWhenGraphUncoloured()[415]" classname="uk.me.robcook.gcp.domain.SaturationDegreeStrategyTests" time="0.0"/>
  <testcase name="shouldReturnRandomUncolouredVertexWhenGraphUncoloured()[416]" classname="uk.me.robcook.gcp.domain.SaturationDegreeStrategyTests" time="0.001"/>
  <testcase name="shouldReturnRandomUncolouredVertexWhenGraphUncoloured()[417]" classname="uk.me.robcook.gcp.domain.SaturationDegreeStrategyTests" time="0.0"/>
  <testcase name="shouldReturnRandomUncolouredVertexWhenGraphUncoloured()[418]" classname="uk.me.robcook.gcp.domain.SaturationDegreeStrategyTests" time="0.0"/>
  <testcase name="shouldReturnRandomUncolouredVertexWhenGraphUncoloured()[419]" classname="uk.me.robcook.gcp.domain.SaturationDegreeStrategyTests" time="0.0"/>
  <testcase name="shouldReturnRandomUncolouredVertexWhenGraphUncoloured()[420]" classname="uk.me.robcook.gcp.domain.SaturationDegreeStrategyTests" time="0.0"/>
  <testcase name="shouldReturnRandomUncolouredVertexWhenGraphUncoloured()[421]" classname="uk.me.robcook.gcp.domain.SaturationDegreeStrategyTests" time="0.0"/>
  <testcase name="shouldReturnRandomUncolouredVertexWhenGraphUncoloured()[422]" classname="uk.me.robcook.gcp.domain.SaturationDegreeStrategyTests" time="0.0"/>
  <testcase name="shouldReturnRandomUncolouredVertexWhenGraphUncoloured()[423]" classname="uk.me.robcook.gcp.domain.SaturationDegreeStrategyTests" time="0.001"/>
  <testcase name="shouldReturnRandomUncolouredVertexWhenGraphUncoloured()[424]" classname="uk.me.robcook.gcp.domain.SaturationDegreeStrategyTests" time="0.0"/>
  <testcase name="shouldReturnRandomUncolouredVertexWhenGraphUncoloured()[425]" classname="uk.me.robcook.gcp.domain.SaturationDegreeStrategyTests" time="0.0"/>
  <testcase name="shouldReturnRandomUncolouredVertexWhenGraphUncoloured()[426]" classname="uk.me.robcook.gcp.domain.SaturationDegreeStrategyTests" time="0.001"/>
  <testcase name="shouldReturnRandomUncolouredVertexWhenGraphUncoloured()[427]" classname="uk.me.robcook.gcp.domain.SaturationDegreeStrategyTests" time="0.0"/>
  <testcase name="shouldReturnRandomUncolouredVertexWhenGraphUncoloured()[428]" classname="uk.me.robcook.gcp.domain.SaturationDegreeStrategyTests" time="0.0"/>
  <testcase name="shouldReturnRandomUncolouredVertexWhenGraphUncoloured()[429]" classname="uk.me.robcook.gcp.domain.SaturationDegreeStrategyTests" time="0.0"/>
  <testcase name="shouldReturnRandomUncolouredVertexWhenGraphUncoloured()[430]" classname="uk.me.robcook.gcp.domain.SaturationDegreeStrategyTests" time="0.001"/>
  <testcase name="shouldReturnRandomUncolouredVertexWhenGraphUncoloured()[431]" classname="uk.me.robcook.gcp.domain.SaturationDegreeStrategyTests" time="0.001"/>
  <testcase name="shouldReturnRandomUncolouredVertexWhenGraphUncoloured()[432]" classname="uk.me.robcook.gcp.domain.SaturationDegreeStrategyTests" time="0.0"/>
  <testcase name="shouldReturnRandomUncolouredVertexWhenGraphUncoloured()[433]" classname="uk.me.robcook.gcp.domain.SaturationDegreeStrategyTests" time="0.0"/>
  <testcase name="shouldReturnRandomUncolouredVertexWhenGraphUncoloured()[434]" classname="uk.me.robcook.gcp.domain.SaturationDegreeStrategyTests" time="0.001"/>
  <testcase name="shouldReturnRandomUncolouredVertexWhenGraphUncoloured()[435]" classname="uk.me.robcook.gcp.domain.SaturationDegreeStrategyTests" time="0.001"/>
  <testcase name="shouldReturnRandomUncolouredVertexWhenGraphUncoloured()[436]" classname="uk.me.robcook.gcp.domain.SaturationDegreeStrategyTests" time="0.0"/>
  <testcase name="shouldReturnRandomUncolouredVertexWhenGraphUncoloured()[437]" classname="uk.me.robcook.gcp.domain.SaturationDegreeStrategyTests" time="0.0"/>
  <testcase name="shouldReturnRandomUncolouredVertexWhenGraphUncoloured()[438]" classname="uk.me.robcook.gcp.domain.SaturationDegreeStrategyTests" time="0.0"/>
  <testcase name="shouldReturnRandomUncolouredVertexWhenGraphUncoloured()[439]" classname="uk.me.robcook.gcp.domain.SaturationDegreeStrategyTests" time="0.0"/>
  <testcase name="shouldReturnRandomUncolouredVertexWhenGraphUncoloured()[440]" classname="uk.me.robcook.gcp.domain.SaturationDegreeStrategyTests" time="0.0"/>
  <testcase name="shouldReturnRandomUncolouredVertexWhenGraphUncoloured()[441]" classname="uk.me.robcook.gcp.domain.SaturationDegreeStrategyTests" time="0.0"/>
  <testcase name="shouldReturnRandomUncolouredVertexWhenGraphUncoloured()[442]" classname="uk.me.robcook.gcp.domain.SaturationDegreeStrategyTests" time="0.0"/>
  <testcase name="shouldReturnRandomUncolouredVertexWhenGraphUncoloured()[443]" classname="uk.me.robcook.gcp.domain.SaturationDegreeStrategyTests" time="0.0"/>
  <testcase name="shouldReturnRandomUncolouredVertexWhenGraphUncoloured()[444]" classname="uk.me.robcook.gcp.domain.SaturationDegreeStrategyTests" time="0.0"/>
  <testcase name="shouldReturnRandomUncolouredVertexWhenGraphUncoloured()[445]" classname="uk.me.robcook.gcp.domain.SaturationDegreeStrategyTests" time="0.0"/>
  <testcase name="shouldReturnRandomUncolouredVertexWhenGraphUncoloured()[446]" classname="uk.me.robcook.gcp.domain.SaturationDegreeStrategyTests" time="0.0"/>
  <testcase name="shouldReturnRandomUncolouredVertexWhenGraphUncoloured()[447]" classname="uk.me.robcook.gcp.domain.SaturationDegreeStrategyTests" time="0.001"/>
  <testcase name="shouldReturnRandomUncolouredVertexWhenGraphUncoloured()[448]" classname="uk.me.robcook.gcp.domain.SaturationDegreeStrategyTests" time="0.0"/>
  <testcase name="shouldReturnRandomUncolouredVertexWhenGraphUncoloured()[449]" classname="uk.me.robcook.gcp.domain.SaturationDegreeStrategyTests" time="0.0"/>
  <testcase name="shouldReturnRandomUncolouredVertexWhenGraphUncoloured()[450]" classname="uk.me.robcook.gcp.domain.SaturationDegreeStrategyTests" time="0.0"/>
  <testcase name="shouldReturnRandomUncolouredVertexWhenGraphUncoloured()[451]" classname="uk.me.robcook.gcp.domain.SaturationDegreeStrategyTests" time="0.0"/>
  <testcase name="shouldReturnRandomUncolouredVertexWhenGraphUncoloured()[452]" classname="uk.me.robcook.gcp.domain.SaturationDegreeStrategyTests" time="0.0"/>
  <testcase name="shouldReturnRandomUncolouredVertexWhenGraphUncoloured()[453]" classname="uk.me.robcook.gcp.domain.SaturationDegreeStrategyTests" time="0.0"/>
  <testcase name="shouldReturnRandomUncolouredVertexWhenGraphUncoloured()[454]" classname="uk.me.robcook.gcp.domain.SaturationDegreeStrategyTests" time="0.0"/>
  <testcase name="shouldReturnRandomUncolouredVertexWhenGraphUncoloured()[455]" classname="uk.me.robcook.gcp.domain.SaturationDegreeStrategyTests" time="0.0"/>
  <testcase name="shouldReturnRandomUncolouredVertexWhenGraphUncoloured()[456]" classname="uk.me.robcook.gcp.domain.SaturationDegreeStrategyTests" time="0.0"/>
  <testcase name="shouldReturnRandomUncolouredVertexWhenGraphUncoloured()[457]" classname="uk.me.robcook.gcp.domain.SaturationDegreeStrategyTests" time="0.0"/>
  <testcase name="shouldReturnRandomUncolouredVertexWhenGraphUncoloured()[458]" classname="uk.me.robcook.gcp.domain.SaturationDegreeStrategyTests" time="0.001"/>
  <testcase name="shouldReturnRandomUncolouredVertexWhenGraphUncoloured()[459]" classname="uk.me.robcook.gcp.domain.SaturationDegreeStrategyTests" time="0.0"/>
  <testcase name="shouldReturnRandomUncolouredVertexWhenGraphUncoloured()[460]" classname="uk.me.robcook.gcp.domain.SaturationDegreeStrategyTests" time="0.0"/>
  <testcase name="shouldReturnRandomUncolouredVertexWhenGraphUncoloured()[461]" classname="uk.me.robcook.gcp.domain.SaturationDegreeStrategyTests" time="0.0"/>
  <testcase name="shouldReturnRandomUncolouredVertexWhenGraphUncoloured()[462]" classname="uk.me.robcook.gcp.domain.SaturationDegreeStrategyTests" time="0.0"/>
  <testcase name="shouldReturnRandomUncolouredVertexWhenGraphUncoloured()[463]" classname="uk.me.robcook.gcp.domain.SaturationDegreeStrategyTests" time="0.0"/>
  <testcase name="shouldReturnRandomUncolouredVertexWhenGraphUncoloured()[464]" classname="uk.me.robcook.gcp.domain.SaturationDegreeStrategyTests" time="0.0"/>
  <testcase name="shouldReturnRandomUncolouredVertexWhenGraphUncoloured()[465]" classname="uk.me.robcook.gcp.domain.SaturationDegreeStrategyTests" time="0.0"/>
  <testcase name="shouldReturnRandomUncolouredVertexWhenGraphUncoloured()[466]" classname="uk.me.robcook.gcp.domain.SaturationDegreeStrategyTests" time="0.0"/>
  <testcase name="shouldReturnRandomUncolouredVertexWhenGraphUncoloured()[467]" classname="uk.me.robcook.gcp.domain.SaturationDegreeStrategyTests" time="0.0"/>
  <testcase name="shouldReturnRandomUncolouredVertexWhenGraphUncoloured()[468]" classname="uk.me.robcook.gcp.domain.SaturationDegreeStrategyTests" time="0.0"/>
  <testcase name="shouldReturnRandomUncolouredVertexWhenGraphUncoloured()[469]" classname="uk.me.robcook.gcp.domain.SaturationDegreeStrategyTests" time="0.001"/>
  <testcase name="shouldReturnRandomUncolouredVertexWhenGraphUncoloured()[470]" classname="uk.me.robcook.gcp.domain.SaturationDegreeStrategyTests" time="0.0"/>
  <testcase name="shouldReturnRandomUncolouredVertexWhenGraphUncoloured()[471]" classname="uk.me.robcook.gcp.domain.SaturationDegreeStrategyTests" time="0.0"/>
  <testcase name="shouldReturnRandomUncolouredVertexWhenGraphUncoloured()[472]" classname="uk.me.robcook.gcp.domain.SaturationDegreeStrategyTests" time="0.0"/>
  <testcase name="shouldReturnRandomUncolouredVertexWhenGraphUncoloured()[473]" classname="uk.me.robcook.gcp.domain.SaturationDegreeStrategyTests" time="0.0"/>
  <testcase name="shouldReturnRandomUncolouredVertexWhenGraphUncoloured()[474]" classname="uk.me.robcook.gcp.domain.SaturationDegreeStrategyTests" time="0.0"/>
  <testcase name="shouldReturnRandomUncolouredVertexWhenGraphUncoloured()[475]" classname="uk.me.robcook.gcp.domain.SaturationDegreeStrategyTests" time="0.0"/>
  <testcase name="shouldReturnRandomUncolouredVertexWhenGraphUncoloured()[476]" classname="uk.me.robcook.gcp.domain.SaturationDegreeStrategyTests" time="0.001"/>
  <testcase name="shouldReturnRandomUncolouredVertexWhenGraphUncoloured()[477]" classname="uk.me.robcook.gcp.domain.SaturationDegreeStrategyTests" time="0.0"/>
  <testcase name="shouldReturnRandomUncolouredVertexWhenGraphUncoloured()[478]" classname="uk.me.robcook.gcp.domain.SaturationDegreeStrategyTests" time="0.0"/>
  <testcase name="shouldReturnRandomUncolouredVertexWhenGraphUncoloured()[479]" classname="uk.me.robcook.gcp.domain.SaturationDegreeStrategyTests" time="0.0"/>
  <testcase name="shouldReturnRandomUncolouredVertexWhenGraphUncoloured()[480]" classname="uk.me.robcook.gcp.domain.SaturationDegreeStrategyTests" time="0.001"/>
  <testcase name="shouldReturnRandomUncolouredVertexWhenGraphUncoloured()[481]" classname="uk.me.robcook.gcp.domain.SaturationDegreeStrategyTests" time="0.0"/>
  <testcase name="shouldReturnRandomUncolouredVertexWhenGraphUncoloured()[482]" classname="uk.me.robcook.gcp.domain.SaturationDegreeStrategyTests" time="0.0"/>
  <testcase name="shouldReturnRandomUncolouredVertexWhenGraphUncoloured()[483]" classname="uk.me.robcook.gcp.domain.SaturationDegreeStrategyTests" time="0.0"/>
  <testcase name="shouldReturnRandomUncolouredVertexWhenGraphUncoloured()[484]" classname="uk.me.robcook.gcp.domain.SaturationDegreeStrategyTests" time="0.0"/>
  <testcase name="shouldReturnRandomUncolouredVertexWhenGraphUncoloured()[485]" classname="uk.me.robcook.gcp.domain.SaturationDegreeStrategyTests" time="0.0"/>
  <testcase name="shouldReturnRandomUncolouredVertexWhenGraphUncoloured()[486]" classname="uk.me.robcook.gcp.domain.SaturationDegreeStrategyTests" time="0.0"/>
  <testcase name="shouldReturnRandomUncolouredVertexWhenGraphUncoloured()[487]" classname="uk.me.robcook.gcp.domain.SaturationDegreeStrategyTests" time="0.0"/>
  <testcase name="shouldReturnRandomUncolouredVertexWhenGraphUncoloured()[488]" classname="uk.me.robcook.gcp.domain.SaturationDegreeStrategyTests" time="0.0"/>
  <testcase name="shouldReturnRandomUncolouredVertexWhenGraphUncoloured()[489]" classname="uk.me.robcook.gcp.domain.SaturationDegreeStrategyTests" time="0.0"/>
  <testcase name="shouldReturnRandomUncolouredVertexWhenGraphUncoloured()[490]" classname="uk.me.robcook.gcp.domain.SaturationDegreeStrategyTests" time="0.0"/>
  <testcase name="shouldReturnRandomUncolouredVertexWhenGraphUncoloured()[491]" classname="uk.me.robcook.gcp.domain.SaturationDegreeStrategyTests" time="0.0"/>
  <testcase name="shouldReturnRandomUncolouredVertexWhenGraphUncoloured()[492]" classname="uk.me.robcook.gcp.domain.SaturationDegreeStrategyTests" time="0.0"/>
  <testcase name="shouldReturnRandomUncolouredVertexWhenGraphUncoloured()[493]" classname="uk.me.robcook.gcp.domain.SaturationDegreeStrategyTests" time="0.0"/>
  <testcase name="shouldReturnRandomUncolouredVertexWhenGraphUncoloured()[494]" classname="uk.me.robcook.gcp.domain.SaturationDegreeStrategyTests" time="0.0"/>
  <testcase name="shouldReturnRandomUncolouredVertexWhenGraphUncoloured()[495]" classname="uk.me.robcook.gcp.domain.SaturationDegreeStrategyTests" time="0.0"/>
[...]
  <testcase name="shouldReturnRandomUncolouredVertexWhenGraphUncoloured()[878]" classname="uk.me.robcook.gcp.domain.SaturationDegreeStrategyTests" time="0.0"/>
  <testcase name="shouldReturnRandomUncolouredVertexWhenGraphUncoloured()[879]" classname="uk.me.robcook.gcp.domain.SaturationDegreeStrategyTests" time="0.0"/>
  <testcase name="shouldReturnRandomUncolouredVertexWhenGraphUncoloured()[880]" classname="uk.me.robcook.gcp.domain.SaturationDegreeStrategyTests" time="0.001"/>
  <testcase name="shouldReturnRandomUncolouredVertexWhenGraphUncoloured()[881]" classname="uk.me.robcook.gcp.domain.SaturationDegreeStrategyTests" time="0.0"/>
  <testcase name="shouldReturnRandomUncolouredVertexWhenGraphUncoloured()[882]" classname="uk.me.robcook.gcp.domain.SaturationDegreeStrategyTests" time="0.0"/>
  <testcase name="shouldReturnRandomUncolouredVertexWhenGraphUncoloured()[883]" classname="uk.me.robcook.gcp.domain.SaturationDegreeStrategyTests" time="0.0"/>
  <testcase name="shouldReturnRandomUncolouredVertexWhenGraphUncoloured()[884]" classname="uk.me.robcook.gcp.domain.SaturationDegreeStrategyTests" time="0.0"/>
  <testcase name="shouldReturnRandomUncolouredVertexWhenGraphUncoloured()[885]" classname="uk.me.robcook.gcp.domain.SaturationDegreeStrategyTests" time="0.001"/>
  <testcase name="shouldReturnRandomUncolouredVertexWhenGraphUncoloured()[886]" classname="uk.me.robcook.gcp.domain.SaturationDegreeStrategyTests" time="0.0"/>
  <testcase name="shouldReturnRandomUncolouredVertexWhenGraphUncoloured()[887]" classname="uk.me.robcook.gcp.domain.SaturationDegreeStrategyTests" time="0.0"/>
  <testcase name="shouldReturnRandomUncolouredVertexWhenGraphUncoloured()[888]" classname="uk.me.robcook.gcp.domain.SaturationDegreeStrategyTests" time="0.0"/>
  <testcase name="shouldReturnRandomUncolouredVertexWhenGraphUncoloured()[889]" classname="uk.me.robcook.gcp.domain.SaturationDegreeStrategyTests" time="0.0"/>
  <testcase name="shouldReturnRandomUncolouredVertexWhenGraphUncoloured()[890]" classname="uk.me.robcook.gcp.domain.SaturationDegreeStrategyTests" time="0.001"/>
  <testcase name="shouldReturnRandomUncolouredVertexWhenGraphUncoloured()[891]" classname="uk.me.robcook.gcp.domain.SaturationDegreeStrategyTests" time="0.001"/>
  <testcase name="shouldReturnRandomUncolouredVertexWhenGraphUncoloured()[892]" classname="uk.me.robcook.gcp.domain.SaturationDegreeStrategyTests" time="0.0"/>
  <testcase name="shouldReturnRandomUncolouredVertexWhenGraphUncoloured()[893]" classname="uk.me.robcook.gcp.domain.SaturationDegreeStrategyTests" time="0.0"/>
  <testcase name="shouldReturnRandomUncolouredVertexWhenGraphUncoloured()[894]" classname="uk.me.robcook.gcp.domain.SaturationDegreeStrategyTests" time="0.0"/>
  <testcase name="shouldReturnRandomUncolouredVertexWhenGraphUncoloured()[895]" classname="uk.me.robcook.gcp.domain.SaturationDegreeStrategyTests" time="0.0"/>
  <testcase name="shouldReturnRandomUncolouredVertexWhenGraphUncoloured()[896]" classname="uk.me.robcook.gcp.domain.SaturationDegreeStrategyTests" time="0.0"/>
  <testcase name="shouldReturnRandomUncolouredVertexWhenGraphUncoloured()[897]" classname="uk.me.robcook.gcp.domain.SaturationDegreeStrategyTests" time="0.0"/>
  <testcase name="shouldReturnRandomUncolouredVertexWhenGraphUncoloured()[898]" classname="uk.me.robcook.gcp.domain.SaturationDegreeStrategyTests" time="0.0"/>
  <testcase name="shouldReturnRandomUncolouredVertexWhenGraphUncoloured()[899]" classname="uk.me.robcook.gcp.domain.SaturationDegreeStrategyTests" time="0.001"/>
  <testcase name="shouldReturnRandomUncolouredVertexWhenGraphUncoloured()[900]" classname="uk.me.robcook.gcp.domain.SaturationDegreeStrategyTests" time="0.0"/>
  <testcase name="shouldReturnRandomUncolouredVertexWhenGraphUncoloured()[901]" classname="uk.me.robcook.gcp.domain.SaturationDegreeStrategyTests" time="0.0"/>
  <testcase name="shouldReturnRandomUncolouredVertexWhenGraphUncoloured()[902]" classname="uk.me.robcook.gcp.domain.SaturationDegreeStrategyTests" time="0.0"/>
  <testcase name="shouldReturnRandomUncolouredVertexWhenGraphUncoloured()[903]" classname="uk.me.robcook.gcp.domain.SaturationDegreeStrategyTests" time="0.0"/>
  <testcase name="shouldReturnRandomUncolouredVertexWhenGraphUncoloured()[904]" classname="uk.me.robcook.gcp.domain.SaturationDegreeStrategyTests" time="0.0"/>
  <testcase name="shouldReturnRandomUncolouredVertexWhenGraphUncoloured()[905]" classname="uk.me.robcook.gcp.domain.SaturationDegreeStrategyTests" time="0.0"/>
  <testcase name="shouldReturnRandomUncolouredVertexWhenGraphUncoloured()[906]" classname="uk.me.robcook.gcp.domain.SaturationDegreeStrategyTests" time="0.001"/>
  <testcase name="shouldReturnRandomUncolouredVertexWhenGraphUncoloured()[907]" classname="uk.me.robcook.gcp.domain.SaturationDegreeStrategyTests" time="0.0"/>
  <testcase name="shouldReturnRandomUncolouredVertexWhenGraphUncoloured()[908]" classname="uk.me.robcook.gcp.domain.SaturationDegreeStrategyTests" time="0.0"/>
  <testcase name="shouldReturnRandomUncolouredVertexWhenGraphUncoloured()[909]" classname="uk.me.robcook.gcp.domain.SaturationDegreeStrategyTests" time="0.0"/>
  <testcase name="shouldReturnRandomUncolouredVertexWhenGraphUncoloured()[910]" classname="uk.me.robcook.gcp.domain.SaturationDegreeStrategyTests" time="0.0"/>
  <testcase name="shouldReturnRandomUncolouredVertexWhenGraphUncoloured()[911]" classname="uk.me.robcook.gcp.domain.SaturationDegreeStrategyTests" time="0.0"/>
  <testcase name="shouldReturnRandomUncolouredVertexWhenGraphUncoloured()[912]" classname="uk.me.robcook.gcp.domain.SaturationDegreeStrategyTests" time="0.0"/>
  <testcase name="shouldReturnRandomUncolouredVertexWhenGraphUncoloured()[913]" classname="uk.me.robcook.gcp.domain.SaturationDegreeStrategyTests" time="0.0"/>
  <testcase name="shouldReturnRandomUncolouredVertexWhenGraphUncoloured()[914]" classname="uk.me.robcook.gcp.domain.SaturationDegreeStrategyTests" time="0.0"/>
  <testcase name="shouldReturnRandomUncolouredVertexWhenGraphUncoloured()[915]" classname="uk.me.robcook.gcp.domain.SaturationDegreeStrategyTests" time="0.0"/>
  <testcase name="shouldReturnRandomUncolouredVertexWhenGraphUncoloured()[916]" classname="uk.me.robcook.gcp.domain.SaturationDegreeStrategyTests" time="0.0"/>
  <testcase name="shouldReturnRandomUncolouredVertexWhenGraphUncoloured()[917]" classname="uk.me.robcook.gcp.domain.SaturationDegreeStrategyTests" time="0.0"/>
  <testcase name="shouldReturnRandomUncolouredVertexWhenGraphUncoloured()[918]" classname="uk.me.robcook.gcp.domain.SaturationDegreeStrategyTests" time="0.0"/>
  <testcase name="shouldReturnRandomUncolouredVertexWhenGraphUncoloured()[919]" classname="uk.me.robcook.gcp.domain.SaturationDegreeStrategyTests" time="0.0"/>
  <testcase name="shouldReturnRandomUncolouredVertexWhenGraphUncoloured()[920]" classname="uk.me.robcook.gcp.domain.SaturationDegreeStrategyTests" time="0.0"/>
  <testcase name="shouldReturnRandomUncolouredVertexWhenGraphUncoloured()[921]" classname="uk.me.robcook.gcp.domain.SaturationDegreeStrategyTests" time="0.0"/>
  <testcase name="shouldReturnRandomUncolouredVertexWhenGraphUncoloured()[922]" classname="uk.me.robcook.gcp.domain.SaturationDegreeStrategyTests" time="0.0"/>
  <testcase name="shouldReturnRandomUncolouredVertexWhenGraphUncoloured()[923]" classname="uk.me.robcook.gcp.domain.SaturationDegreeStrategyTests" time="0.0"/>
  <testcase name="shouldReturnRandomUncolouredVertexWhenGraphUncoloured()[924]" classname="uk.me.robcook.gcp.domain.SaturationDegreeStrategyTests" time="0.0"/>
  <testcase name="shouldReturnRandomUncolouredVertexWhenGraphUncoloured()[925]" classname="uk.me.robcook.gcp.domain.SaturationDegreeStrategyTests" time="0.0"/>
  <testcase name="shouldReturnRandomUncolouredVertexWhenGraphUncoloured()[926]" classname="uk.me.robcook.gcp.domain.SaturationDegreeStrategyTests" time="0.0"/>
  <testcase name="shouldReturnRandomUncolouredVertexWhenGraphUncoloured()[927]" classname="uk.me.robcook.gcp.domain.SaturationDegreeStrategyTests" time="0.0"/>
  <testcase name="shouldReturnRandomUncolouredVertexWhenGraphUncoloured()[928]" classname="uk.me.robcook.gcp.domain.SaturationDegreeStrategyTests" time="0.0"/>
  <testcase name="shouldReturnRandomUncolouredVertexWhenGraphUncoloured()[929]" classname="uk.me.robcook.gcp.domain.SaturationDegreeStrategyTests" time="0.0"/>
  <testcase name="shouldReturnRandomUncolouredVertexWhenGraphUncoloured()[930]" classname="uk.me.robcook.gcp.domain.SaturationDegreeStrategyTests" time="0.0"/>
  <testcase name="shouldReturnRandomUncolouredVertexWhenGraphUncoloured()[931]" classname="uk.me.robcook.gcp.domain.SaturationDegreeStrategyTests" time="0.0"/>
  <testcase name="shouldReturnRandomUncolouredVertexWhenGraphUncoloured()[932]" classname="uk.me.robcook.gcp.domain.SaturationDegreeStrategyTests" time="0.0"/>
  <testcase name="shouldReturnRandomUncolouredVertexWhenGraphUncoloured()[933]" classname="uk.me.robcook.gcp.domain.SaturationDegreeStrategyTests" time="0.001"/>
  <testcase name="shouldReturnRandomUncolouredVertexWhenGraphUncoloured()[934]" classname="uk.me.robcook.gcp.domain.SaturationDegreeStrategyTests" time="0.0"/>
  <testcase name="shouldReturnRandomUncolouredVertexWhenGraphUncoloured()[935]" classname="uk.me.robcook.gcp.domain.SaturationDegreeStrategyTests" time="0.0"/>
  <testcase name="shouldReturnRandomUncolouredVertexWhenGraphUncoloured()[936]" classname="uk.me.robcook.gcp.domain.SaturationDegreeStrategyTests" time="0.0"/>
  <testcase name="shouldReturnRandomUncolouredVertexWhenGraphUncoloured()[937]" classname="uk.me.robcook.gcp.domain.SaturationDegreeStrategyTests" time="0.0"/>
  <testcase name="shouldReturnRandomUncolouredVertexWhenGraphUncoloured()[938]" classname="uk.me.robcook.gcp.domain.SaturationDegreeStrategyTests" time="0.001"/>
  <testcase name="shouldReturnRandomUncolouredVertexWhenGraphUncoloured()[939]" classname="uk.me.robcook.gcp.domain.SaturationDegreeStrategyTests" time="0.0"/>
  <testcase name="shouldReturnRandomUncolouredVertexWhenGraphUncoloured()[940]" classname="uk.me.robcook.gcp.domain.SaturationDegreeStrategyTests" time="0.0"/>
  <testcase name="shouldReturnRandomUncolouredVertexWhenGraphUncoloured()[941]" classname="uk.me.robcook.gcp.domain.SaturationDegreeStrategyTests" time="0.0"/>
  <testcase name="shouldReturnRandomUncolouredVertexWhenGraphUncoloured()[942]" classname="uk.me.robcook.gcp.domain.SaturationDegreeStrategyTests" time="0.0"/>
  <testcase name="shouldReturnRandomUncolouredVertexWhenGraphUncoloured()[943]" classname="uk.me.robcook.gcp.domain.SaturationDegreeStrategyTests" time="0.001"/>
  <testcase name="shouldReturnRandomUncolouredVertexWhenGraphUncoloured()[944]" classname="uk.me.robcook.gcp.domain.SaturationDegreeStrategyTests" time="0.0"/>
  <testcase name="shouldReturnRandomUncolouredVertexWhenGraphUncoloured()[945]" classname="uk.me.robcook.gcp.domain.SaturationDegreeStrategyTests" time="0.0"/>
  <testcase name="shouldReturnRandomUncolouredVertexWhenGraphUncoloured()[946]" classname="uk.me.robcook.gcp.domain.SaturationDegreeStrategyTests" time="0.0"/>
  <testcase name="shouldReturnRandomUncolouredVertexWhenGraphUncoloured()[947]" classname="uk.me.robcook.gcp.domain.SaturationDegreeStrategyTests" time="0.0"/>
  <testcase name="shouldReturnRandomUncolouredVertexWhenGraphUncoloured()[948]" classname="uk.me.robcook.gcp.domain.SaturationDegreeStrategyTests" time="0.0"/>
  <testcase name="shouldReturnRandomUncolouredVertexWhenGraphUncoloured()[949]" classname="uk.me.robcook.gcp.domain.SaturationDegreeStrategyTests" time="0.0"/>
  <testcase name="shouldReturnRandomUncolouredVertexWhenGraphUncoloured()[950]" classname="uk.me.robcook.gcp.domain.SaturationDegreeStrategyTests" time="0.0"/>
  <testcase name="shouldReturnRandomUncolouredVertexWhenGraphUncoloured()[951]" classname="uk.me.robcook.gcp.domain.SaturationDegreeStrategyTests" time="0.0"/>
  <testcase name="shouldReturnRandomUncolouredVertexWhenGraphUncoloured()[952]" classname="uk.me.robcook.gcp.domain.SaturationDegreeStrategyTests" time="0.0"/>
  <testcase name="shouldReturnRandomUncolouredVertexWhenGraphUncoloured()[953]" classname="uk.me.robcook.gcp.domain.SaturationDegreeStrategyTests" time="0.0"/>
  <testcase name="shouldReturnRandomUncolouredVertexWhenGraphUncoloured()[954]" classname="uk.me.robcook.gcp.domain.SaturationDegreeStrategyTests" time="0.001"/>
  <testcase name="shouldReturnRandomUncolouredVertexWhenGraphUncoloured()[955]" classname="uk.me.robcook.gcp.domain.SaturationDegreeStrategyTests" time="0.0"/>
  <testcase name="shouldReturnRandomUncolouredVertexWhenGraphUncoloured()[956]" classname="uk.me.robcook.gcp.domain.SaturationDegreeStrategyTests" time="0.0"/>
  <testcase name="shouldReturnRandomUncolouredVertexWhenGraphUncoloured()[957]" classname="uk.me.robcook.gcp.domain.SaturationDegreeStrategyTests" time="0.0"/>
  <testcase name="shouldReturnRandomUncolouredVertexWhenGraphUncoloured()[958]" classname="uk.me.robcook.gcp.domain.SaturationDegreeStrategyTests" time="0.0"/>
  <testcase name="shouldReturnRandomUncolouredVertexWhenGraphUncoloured()[959]" classname="uk.me.robcook.gcp.domain.SaturationDegreeStrategyTests" time="0.0"/>
  <testcase name="shouldReturnRandomUncolouredVertexWhenGraphUncoloured()[960]" classname="uk.me.robcook.gcp.domain.SaturationDegreeStrategyTests" time="0.0"/>
  <testcase name="shouldReturnRandomUncolouredVertexWhenGraphUncoloured()[961]" classname="uk.me.robcook.gcp.domain.SaturationDegreeStrategyTests" time="0.0"/>
  <testcase name="shouldReturnRandomUncolouredVertexWhenGraphUncoloured()[962]" classname="uk.me.robcook.gcp.domain.SaturationDegreeStrategyTests" time="0.0"/>
  <testcase name="shouldReturnRandomUncolouredVertexWhenGraphUncoloured()[963]" classname="uk.me.robcook.gcp.domain.SaturationDegreeStrategyTests" time="0.0"/>
  <testcase name="shouldReturnRandomUncolouredVertexWhenGraphUncoloured()[964]" classname="uk.me.robcook.gcp.domain.SaturationDegreeStrategyTests" time="0.0"/>
  <testcase name="shouldReturnRandomUncolouredVertexWhenGraphUncoloured()[965]" classname="uk.me.robcook.gcp.domain.SaturationDegreeStrategyTests" time="0.001"/>
  <testcase name="shouldReturnRandomUncolouredVertexWhenGraphUncoloured()[966]" classname="uk.me.robcook.gcp.domain.SaturationDegreeStrategyTests" time="0.0"/>
  <testcase name="shouldReturnRandomUncolouredVertexWhenGraphUncoloured()[967]" classname="uk.me.robcook.gcp.domain.SaturationDegreeStrategyTests" time="0.0"/>
  <testcase name="shouldReturnRandomUncolouredVertexWhenGraphUncoloured()[968]" classname="uk.me.robcook.gcp.domain.SaturationDegreeStrategyTests" time="0.0"/>
  <testcase name="shouldReturnRandomUncolouredVertexWhenGraphUncoloured()[969]" classname="uk.me.robcook.gcp.domain.SaturationDegreeStrategyTests" time="0.0"/>
  <testcase name="shouldReturnRandomUncolouredVertexWhenGraphUncoloured()[970]" classname="uk.me.robcook.gcp.domain.SaturationDegreeStrategyTests" time="0.0"/>
  <testcase name="shouldReturnRandomUncolouredVertexWhenGraphUncoloured()[971]" classname="uk.me.robcook.gcp.domain.SaturationDegreeStrategyTests" time="0.0"/>
  <testcase name="shouldReturnRandomUncolouredVertexWhenGraphUncoloured()[972]" classname="uk.me.robcook.gcp.domain.SaturationDegreeStrategyTests" time="0.0"/>
  <testcase name="shouldReturnRandomUncolouredVertexWhenGraphUncoloured()[973]" classname="uk.me.robcook.gcp.domain.SaturationDegreeStrategyTests" time="0.0"/>
  <testcase name="shouldReturnRandomUncolouredVertexWhenGraphUncoloured()[974]" classname="uk.me.robcook.gcp.domain.SaturationDegreeStrategyTests" time="0.0"/>
  <testcase name="shouldReturnRandomUncolouredVertexWhenGraphUncoloured()[975]" classname="uk.me.robcook.gcp.domain.SaturationDegreeStrategyTests" time="0.0"/>
  <testcase name="shouldReturnRandomUncolouredVertexWhenGraphUncoloured()[976]" classname="uk.me.robcook.gcp.domain.SaturationDegreeStrategyTests" time="0.0"/>
  <testcase name="shouldReturnRandomUncolouredVertexWhenGraphUncoloured()[977]" classname="uk.me.robcook.gcp.domain.SaturationDegreeStrategyTests" time="0.0"/>
  <testcase name="shouldReturnRandomUncolouredVertexWhenGraphUncoloured()[978]" classname="uk.me.robcook.gcp.domain.SaturationDegreeStrategyTests" time="0.0"/>
  <testcase name="shouldReturnRandomUncolouredVertexWhenGraphUncoloured()[979]" classname="uk.me.robcook.gcp.domain.SaturationDegreeStrategyTests" time="0.0"/>
  <testcase name="shouldReturnRandomUncolouredVertexWhenGraphUncoloured()[980]" classname="uk.me.robcook.gcp.domain.SaturationDegreeStrategyTests" time="0.0"/>
  <testcase name="shouldReturnRandomUncolouredVertexWhenGraphUncoloured()[981]" classname="uk.me.robcook.gcp.domain.SaturationDegreeStrategyTests" time="0.0"/>
  <testcase name="shouldReturnRandomUncolouredVertexWhenGraphUncoloured()[982]" classname="uk.me.robcook.gcp.domain.SaturationDegreeStrategyTests" time="0.0"/>
  <testcase name="shouldReturnRandomUncolouredVertexWhenGraphUncoloured()[983]" classname="uk.me.robcook.gcp.domain.SaturationDegreeStrategyTests" time="0.0"/>
  <testcase name="shouldReturnRandomUncolouredVertexWhenGraphUncoloured()[984]" classname="uk.me.robcook.gcp.domain.SaturationDegreeStrategyTests" time="0.0"/>
  <testcase name="shouldReturnRandomUncolouredVertexWhenGraphUncoloured()[985]" classname="uk.me.robcook.gcp.domain.SaturationDegreeStrategyTests" time="0.0"/>
  <testcase name="shouldReturnRandomUncolouredVertexWhenGraphUncoloured()[986]" classname="uk.me.robcook.gcp.domain.SaturationDegreeStrategyTests" time="0.0"/>
  <testcase name="shouldReturnRandomUncolouredVertexWhenGraphUncoloured()[987]" classname="uk.me.robcook.gcp.domain.SaturationDegreeStrategyTests" time="0.0"/>
  <testcase name="shouldReturnRandomUncolouredVertexWhenGraphUncoloured()[988]" classname="uk.me.robcook.gcp.domain.SaturationDegreeStrategyTests" time="0.0"/>
  <testcase name="shouldReturnRandomUncolouredVertexWhenGraphUncoloured()[989]" classname="uk.me.robcook.gcp.domain.SaturationDegreeStrategyTests" time="0.0"/>
  <testcase name="shouldReturnRandomUncolouredVertexWhenGraphUncoloured()[990]" classname="uk.me.robcook.gcp.domain.SaturationDegreeStrategyTests" time="0.0"/>
  <testcase name="shouldReturnRandomUncolouredVertexWhenGraphUncoloured()[991]" classname="uk.me.robcook.gcp.domain.SaturationDegreeStrategyTests" time="0.0"/>
  <testcase name="shouldReturnRandomUncolouredVertexWhenGraphUncoloured()[992]" classname="uk.me.robcook.gcp.domain.SaturationDegreeStrategyTests" time="0.0"/>
  <testcase name="shouldReturnRandomUncolouredVertexWhenGraphUncoloured()[993]" classname="uk.me.robcook.gcp.domain.SaturationDegreeStrategyTests" time="0.0"/>
  <testcase name="shouldReturnRandomUncolouredVertexWhenGraphUncoloured()[994]" classname="uk.me.robcook.gcp.domain.SaturationDegreeStrategyTests" time="0.001"/>
  <testcase name="shouldReturnRandomUncolouredVertexWhenGraphUncoloured()[995]" classname="uk.me.robcook.gcp.domain.SaturationDegreeStrategyTests" time="0.0"/>
  <testcase name="shouldReturnRandomUncolouredVertexWhenGraphUncoloured()[996]" classname="uk.me.robcook.gcp.domain.SaturationDegreeStrategyTests" time="0.0"/>
  <testcase name="shouldReturnRandomUncolouredVertexWhenGraphUncoloured()[997]" classname="uk.me.robcook.gcp.domain.SaturationDegreeStrategyTests" time="0.0"/>
  <testcase name="shouldReturnRandomUncolouredVertexWhenGraphUncoloured()[998]" classname="uk.me.robcook.gcp.domain.SaturationDegreeStrategyTests" time="0.0"/>
  <testcase name="shouldReturnRandomUncolouredVertexWhenGraphUncoloured()[999]" classname="uk.me.robcook.gcp.domain.SaturationDegreeStrategyTests" time="0.0"/>
  <testcase name="shouldReturnRandomUncolouredVertexWhenGraphUncoloured()[1000]" classname="uk.me.robcook.gcp.domain.SaturationDegreeStrategyTests" time="0.0"/>
  <testcase name="shouldReturnOnlyUncolouredVertexWhenAllVerticesBarOneColoured" classname="uk.me.robcook.gcp.domain.SaturationDegreeStrategyTests" time="0.001"/>
</testsuite>