<?xml version="1.0" encoding="UTF-8"?>
<testsuite xmlns:xsi="http://www.w3.org/2001/XMLSchema-instance" xsi:noNamespaceSchemaLocation="https://maven.apache.org/surefire/maven-surefire-plugin/xsd/surefire-test-report.xsd" version="3.0.2" name="uk.me.robcook.gcp.domain.GraphTests" time="0.068" tests="6" errors="0" skipped="0" failures="0">
  <properties>
[...]
</properties>
  <testcase name="shouldFailValidationWhenNumberOfVerticesDoesntMatchTotal" classname="uk.me.robcook.gcp.domain.GraphTests" time="0.022"/>
  <testcase name="shouldPassValidationWhenNumberOfVerticesAndEdgesMatchTotals" classname="uk.me.robcook.gcp.domain.GraphTests" time="0.003"/>
  <testcase name="shouldSucceedConstructionWithTwoVerticesAndOneEdge" classname="uk.me.robcook.gcp.domain.GraphTests" time="0.006"/>
  <testcase name="shouldFailConstructionWhenEdgesZero" classname="uk.me.robcook.gcp.domain.GraphTests" time="0.003"/>
  <testcase name="shouldFailConstructionWhenVerticesOne" classname="uk.me.robcook.gcp.domain.GraphTests" time="0.003"/>
  <testcase name="shouldFailValidationWhenNumberOfEdgesDoesntMatchTotal" classname="uk.me.robcook.gcp.domain.GraphTests" time="0.002"/>
</testsuite>